SecCoreStartupWithStack(0xFFFCC000, 0x820000)
Register PPI Notify: DCD0BE23-9586-40F4-B643-06522CED4EDE
Install PPI: 8C8CE578-8A3D-4F1C-9935-896185C32DD3
Install PPI: 5473C07A-3DCB-4DCA-BD6F-1E9689E7349A
The 0th FV start address is 0x00000820000, size is 0x000E0000, handle is 0x820000
Register PPI Notify: 49EDB1C1-BF21-4761-BB12-EB0031AABB39
Register PPI Notify: EA7CA24B-DED5-4DAD-A389-BF827E8F9B38
Install PPI: B9E0ABFE-5979-4914-977F-6DEE78C278A6
Install PPI: DBE23AA9-A345-4B97-85B6-B226F1617389
DiscoverPeimsAndOrderWithApriori(): Found 0x7 PEI FFS files in the 0th FV
Loading PEIM 9B3ADA4F-AE56-4C24-8DEA-F03B7558AE50
Loading PEIM at 0x0000082C7A0 EntryPoint=0x0000082CC58 PcdPeim.efi
Install PPI: 06E81C58-4AD7-44BC-8390-F10265F72480
Install PPI: 01F34D25-4DE2-23AD-3FF3-36353FF323F1
Install PPI: 4D8B155B-C059-4C8F-8926-06FD4331DB8A
Install PPI: A60C6B59-E459-425D-9C69-0BCC9CB27D81
Register PPI Notify: 605EA650-C65C-42E1-BA80-91A52AB618C6
Loading PEIM A3610442-E69F-4DF3-82CA-2360C4031A23
Loading PEIM at 0x00000831EA0 EntryPoint=0x00000832358 ReportStatusCodeRouterPei.efi
Install PPI: 0065D394-9951-4144-82A3-0AFC8579C251
Install PPI: 229832D3-7A30-4B36-B827-F40CB7D45436
Loading PEIM 9D225237-FA01-464C-A949-BAABC02D31D0
Loading PEIM at 0x000008349A0 EntryPoint=0x00000834E58 StatusCodeHandlerPei.efi
Loading PEIM 222C386D-5ABC-4FB4-B124-FBB82488ACF4
Loading PEIM at 0x000008372A0 EntryPoint=0x00000837858 PlatformPei.efi
Select Item: 0x0
FW CFG Signature: 0x554D4551
Select Item: 0x1
FW CFG Revision: 0x3
QemuFwCfg interface (DMA) is supported.
Platform PEIM Loaded
CMOS:
00: 14 00 47 00 05 00 02 17 02 20 26 02 00 80 00 00
10: 50 00 F0 00 07 80 02 FF FF 2F 00 00 04 10 FF FF
20: C8 00 04 3F 00 00 00 00 00 00 00 00 00 00 00 00
30: FF FF 20 00 00 1F 00 20 30 00 00 00 00 12 00 00
40: 00 00 00 00 00 00 00 00 00 00 00 00 00 00 00 00
50: 00 00 00 00 00 00 00 00 00 00 00 00 00 00 00 00
60: 00 00 00 00 00 00 00 00 00 00 00 00 00 00 00 00
70: 00 00 00 00 00 00 00 00 00 00 00 00 00 00 00 00
Select Item: 0x19
Select Item: 0x27
S3 support was detected on QEMU
Install PPI: 7408D748-FC8C-4EE6-9288-C4BEC092A410
Select Item: 0x19
Select Item: 0x24
Select Item: 0x19
Select Item: 0x19
GetFirstNonAddress: Pci64Base=0x800000000 Pci64Size=0x800000000
Select Item: 0x5
MaxCpuCountInitialization: QEMU reports 1 processor(s)
PublishPeiMemory: mPhysMemAddressWidth=36 PeiMemoryCap=65800 KB
PeiInstallPeiMemory MemoryBegin 0x1BF36000, MemoryLength 0x4042000
QemuInitializeRam called
Select Item: 0x19
Select Item: 0x24
Reserved variable store memory: 0x1FEF4000; size: 528kb
Platform PEI Firmware Volume Initialization
Install PPI: 49EDB1C1-BF21-4761-BB12-EB0031AABB39
Notify: PPI Guid: 49EDB1C1-BF21-4761-BB12-EB0031AABB39, Peim notify entry point: 8214DC
The 1th FV start address is 0x00000900000, size is 0x00B00000, handle is 0x900000
Select Item: 0x19
Select Item: 0x19
Register PPI Notify: EE16160A-E8BE-47A6-820A-C6900DB0250A
Select Item: 0x19
Temp Stack : BaseAddress=0x818000 Length=0x8000
Temp Heap  : BaseAddress=0x810000 Length=0x8000
Total temporary memory:    65536 bytes.
  temporary memory stack ever used:       29216 bytes.
  temporary memory heap used for HobList: 6480 bytes.
  temporary memory heap occupied by memory pages: 0 bytes.
Memory Allocation 0x0000000A 0x1FF78000 - 0x1FFFFFFF
Memory Allocation 0x0000000A 0x810000 - 0x81FFFF
Memory Allocation 0x0000000A 0x807000 - 0x807FFF
Memory Allocation 0x0000000A 0x800000 - 0x805FFF
Memory Allocation 0x0000000A 0x806000 - 0x806FFF
Memory Allocation 0x00000006 0x1FEF4000 - 0x1FF77FFF
Memory Allocation 0x0000000A 0x820000 - 0x8FFFFF
Memory Allocation 0x00000004 0x900000 - 0x13FFFFF
Old Stack size 32768, New stack size 131072
Stack Hob: BaseAddress=0x1BF36000 Length=0x20000
Heap Offset = 0x1B746000 Stack Offset = 0x1B736000
TemporaryRamMigration(0x810000, 0x1BF4E000, 0x10000)
Loading PEIM 52C05B14-0B98-496C-BC3B-04B50211D680
Loading PEIM at 0x0001FEE7000 EntryPoint=0x0001FEE7528 PeiCore.efi
Reinstall PPI: 8C8CE578-8A3D-4F1C-9935-896185C32DD3
Reinstall PPI: 5473C07A-3DCB-4DCA-BD6F-1E9689E7349A
Reinstall PPI: B9E0ABFE-5979-4914-977F-6DEE78C278A6
Install PPI: F894643D-C449-42D1-8EA8-85BDD8C65BDE
Loading PEIM 86D70125-BAA3-4296-A62F-602BEBBB9081
Loading PEIM at 0x0001FEE1000 EntryPoint=0x0001FEE1598 DxeIpl.efi
Install PPI: 1A36E4E7-FAB6-476A-8E75-695A0576FDD7
Install PPI: 0AE8CE5D-E448-4437-A8D7-EBF5F194F731
Loading PEIM 89E549B0-7CFE-449D-9BA3-10D8B2312D71
Loading PEIM at 0x0001FEDC000 EntryPoint=0x0001FEDC5C4 S3Resume2Pei.efi
Install PPI: 6D582DBC-DB85-4514-8FCC-5ADF6227B147
Loading PEIM EDADEB9D-DDBA-48BD-9D22-C1C169C8C5C6
Loading PEIM at 0x0001FED1000 EntryPoint=0x0001FED1F64 CpuMpPei.efi
Register PPI Notify: F894643D-C449-42D1-8EA8-85BDD8C65BDE
Notify: PPI Guid: F894643D-C449-42D1-8EA8-85BDD8C65BDE, Peim notify entry point: 1FED2504
AP Loop Mode is 1
Register PPI Notify: 8F9D4825-797D-48FC-8471-845025792EF6
Does not find any stored CPU BIST information from PPI!
  APICID - 0x00000000, BIST - 0x00000000
Install PPI: 9E9F374B-8F16-4230-9824-5846EE766A97
Install PPI: 5CB9CB3D-31A4-480C-9498-29D269BACFBA
Install PPI: EE16160A-E8BE-47A6-820A-C6900DB0250A
Notify: PPI Guid: EE16160A-E8BE-47A6-820A-C6900DB0250A, Peim notify entry point: 8390EC
PlatformPei: ClearCacheOnMpServicesAvailable
DiscoverPeimsAndOrderWithApriori(): Found 0x0 PEI FFS files in the 1th FV
DXE IPL Entry
Loading PEIM D6A2CB7F-6A18-4E2F-B43B-9920A733700A
Loading PEIM at 0x0001FEA3000 EntryPoint=0x0001FEA3CA4 DxeCore.efi
Loading DXE CORE at 0x0001FEA3000 EntryPoint=0x0001FEA3CA4
AddressBits=36 5LevelPaging=0 1GPage=0
Pml5=1 Pml4=1 Pdp=64 TotalPage=66
Install PPI: 605EA650-C65C-42E1-BA80-91A52AB618C6
Notify: PPI Guid: 605EA650-C65C-42E1-BA80-91A52AB618C6, Peim notify entry point: 82CE28
CoreInitializeMemoryServices:
  BaseAddress - 0x1BF59000 Length - 0x3CA7000 MinimalMemorySizeNeeded - 0x10F4000
InstallProtocolInterface: 5B1B31A1-9562-11D2-8E3F-00A0C969723B 1FEC3388
ProtectUefiImageCommon - 0x1FEC3388
  - 0x000000001FEA3000 - 0x0000000000025000
HOBLIST address in DXE = 0x1FA16018
Memory Allocation 0x0000000A 0x1FF78000 - 0x1FFFFFFF
Memory Allocation 0x0000000A 0x810000 - 0x81FFFF
Memory Allocation 0x0000000A 0x807000 - 0x807FFF
Memory Allocation 0x0000000A 0x800000 - 0x805FFF
Memory Allocation 0x0000000A 0x806000 - 0x806FFF
Memory Allocation 0x00000006 0x1FEF4000 - 0x1FF77FFF
Memory Allocation 0x0000000A 0x820000 - 0x8FFFFF
Memory Allocation 0x00000004 0x900000 - 0x13FFFFF
Memory Allocation 0x00000004 0x1FE83000 - 0x1FEA2FFF
Memory Allocation 0x00000003 0x1FEE7000 - 0x1FEF3FFF
Memory Allocation 0x00000003 0x1FEE1000 - 0x1FEE6FFF
Memory Allocation 0x00000003 0x1FEDC000 - 0x1FEE0FFF
Memory Allocation 0x00000003 0x1FED1000 - 0x1FEDBFFF
Memory Allocation 0x00000004 0x1FEC8000 - 0x1FED0FFF
Memory Allocation 0x00000003 0x1FEA3000 - 0x1FEC7FFF
Memory Allocation 0x00000003 0x1FEA3000 - 0x1FEC7FFF
Memory Allocation 0x00000004 0x1FE83000 - 0x1FEA2FFF
Memory Allocation 0x00000004 0x1FC00000 - 0x1FDFFFFF
Memory Allocation 0x00000007 0x1FE00000 - 0x1FE82FFF
Memory Allocation 0x00000004 0x1BF36000 - 0x1BF55FFF
FV Hob            0x900000 - 0x13FFFFF
InstallProtocolInterface: D8117CFE-94A6-11D4-9A3A-0090273FC14D 1FEC2A50
InstallProtocolInterface: 8F644FA9-E850-4DB1-9CE2-0B44698E8DA4 1FA120B0
InstallProtocolInterface: 09576E91-6D3F-11D2-8E39-00A0C969723B 1FA12A98
InstallProtocolInterface: 220E73B6-6BDB-4413-8405-B974B108619A 1FA122B0
InstallProtocolInterface: EE4E5898-3914-4259-9D6E-DC7BD79403CF 1FEC3730
Loading driver 9B680FCE-AD6B-4F3A-B60B-F59899003443
InstallProtocolInterface: 5B1B31A1-9562-11D2-8E3F-00A0C969723B 1F6BC040
Loading driver at 0x0001FB8E000 EntryPoint=0x0001FB8E498 DevicePathDxe.efi
InstallProtocolInterface: BC62157E-3E33-4FEC-9920-2D3B36D750DF 1F6E3398
ProtectUefiImageCommon - 0x1F6BC040
  - 0x000000001FB8E000 - 0x000000000000C3A0
InstallProtocolInterface: 0379BE4E-D706-437D-B037-EDB82FB772A4 1FB95F90
InstallProtocolInterface: 8B843E20-8132-4852-90CC-551A4E4A7F1C 1FB95F80
InstallProtocolInterface: 05C99A21-C70F-4AD2-8A5F-35DF3343F51E 1FB95FD0
Loading driver 80CF7257-87AB-47F9-A3FE-D50B76D89541
InstallProtocolInterface: 5B1B31A1-9562-11D2-8E3F-00A0C969723B 1F6BC440
Loading driver at 0x0001FB87000 EntryPoint=0x0001FB87498 PcdDxe.efi
InstallProtocolInterface: BC62157E-3E33-4FEC-9920-2D3B36D750DF 1F6BCA18
ProtectUefiImageCommon - 0x1F6BC440
  - 0x000000001FB87000 - 0x00000000000069E0
InstallProtocolInterface: 11B34006-D85B-4D0A-A290-D5A571310EF7 1FB8D130
InstallProtocolInterface: 13A3F0F6-264A-3EF0-F2E0-DEC512342F34 1FB8D090
InstallProtocolInterface: 5BE40F57-FA68-4610-BBBF-E9C5FCDAD365 1FB8D240
InstallProtocolInterface: FD0F4478-0EFD-461D-BA2D-E58C45FD5F5E 1FB8D120
Loading driver 2EC9DA37-EE35-4DE9-86C5-6D9A81DC38A7
InstallProtocolInterface: 5B1B31A1-9562-11D2-8E3F-00A0C969723B 1F6C9240
Loading driver at 0x0001FB83000 EntryPoint=0x0001FB83534 AmdSevDxe.efi
InstallProtocolInterface: BC62157E-3E33-4FEC-9920-2D3B36D750DF 1F6C9598
ProtectUefiImageCommon - 0x1F6C9240
  - 0x000000001FB83000 - 0x0000000000003A00
Error: Image at 0001FB83000 start failed: Unsupported
Loading driver 733CBAC2-B23F-4B92-BC8E-FB01CE5907B7
InstallProtocolInterface: 5B1B31A1-9562-11D2-8E3F-00A0C969723B 1F6C9240
!!!!!!!!  InsertImageRecord - Section Alignment(0x20) is not 4K  !!!!!!!!
!!!!!!!!  Image - b:\edk2\Build\OvmfX64\DEBUG_VS2019\X64\OvmfPkg\QemuFlashFvbServicesRuntimeDxe\FvbServicesRuntimeDxe\DEBUG\FvbServicesRuntimeDxe.pdb  !!!!!!!!
Loading driver at 0x0001FBC5000 EntryPoint=0x0001FBC5534 FvbServicesRuntimeDxe.efi
InstallProtocolInterface: BC62157E-3E33-4FEC-9920-2D3B36D750DF 1F6C2F18
ProtectUefiImageCommon - 0x1F6C9240
  - 0x000000001FBC5000 - 0x0000000000005840
QEMU Flash: Attempting flash detection at FFC00010
QemuFlashDetected => FD behaves as ROM
QemuFlashDetected => No
QEMU flash was not detected. Writable FVB is not being installed.
Error: Image at 0001FBC5000 start failed: Write Protected
!!!!!!!! ImageRecord not found !!!!!!!!
Loading driver D93CE3D8-A7EB-4730-8C8E-CC466A9ECC3C
InstallProtocolInterface: 5B1B31A1-9562-11D2-8E3F-00A0C969723B 1F6C9240
!!!!!!!!  InsertImageRecord - Section Alignment(0x20) is not 4K  !!!!!!!!
!!!!!!!!  Image - b:\edk2\Build\OvmfX64\DEBUG_VS2019\X64\MdeModulePkg\Universal\ReportStatusCodeRouter\RuntimeDxe\ReportStatusCodeRouterRuntimeDxe\DEBUG\ReportStatusCodeRouterRuntimeDxe.pdb  !!!!!!!!
Loading driver at 0x0001FBC6000 EntryPoint=0x0001FBC6504 ReportStatusCodeRouterRuntimeDxe.efi
InstallProtocolInterface: BC62157E-3E33-4FEC-9920-2D3B36D750DF 1F6C1B18
ProtectUefiImageCommon - 0x1F6C9240
  - 0x000000001FBC6000 - 0x0000000000004020
InstallProtocolInterface: 86212936-0E76-41C8-A03A-2AF2FC1C39E2 1FBC9C28
InstallProtocolInterface: D2B2B828-0826-48A7-B3DF-983C006024F0 1FBC9C20
Loading driver B601F8C4-43B7-4784-95B1-F4226CB40CEE
InstallProtocolInterface: 5B1B31A1-9562-11D2-8E3F-00A0C969723B 1F6C1140
!!!!!!!!  InsertImageRecord - Section Alignment(0x20) is not 4K  !!!!!!!!
!!!!!!!!  Image - b:\edk2\Build\OvmfX64\DEBUG_VS2019\X64\MdeModulePkg\Core\RuntimeDxe\RuntimeDxe\DEBUG\RuntimeDxe.pdb  !!!!!!!!
Loading driver at 0x0001FBC2000 EntryPoint=0x0001FBC24F8 RuntimeDxe.efi
InstallProtocolInterface: BC62157E-3E33-4FEC-9920-2D3B36D750DF 1F6C1398
ProtectUefiImageCommon - 0x1F6C1140
  - 0x000000001FBC2000 - 0x00000000000038E0
InstallProtocolInterface: B7DFB4E1-052F-449F-87BE-9818FC91B733 1FBC5590
Loading driver F80697E9-7FD6-4665-8646-88E33EF71DFC
InstallProtocolInterface: 5B1B31A1-9562-11D2-8E3F-00A0C969723B 1F6C6C40
Loading driver at 0x0001FB82000 EntryPoint=0x0001FB824B8 SecurityStubDxe.efi
InstallProtocolInterface: BC62157E-3E33-4FEC-9920-2D3B36D750DF 1F6C6118
ProtectUefiImageCommon - 0x1F6C6C40
  - 0x000000001FB82000 - 0x00000000000042E0
InstallProtocolInterface: 94AB2F58-1438-4EF1-9152-18941A3A0E68 1FB85EA8
InstallProtocolInterface: A46423E3-4617-49F1-B9FF-D1BFA9115839 1FB85EA0
InstallProtocolInterface: 15853D7C-3DDF-43E0-A1CB-EBF85B8F872C 1FB85EB0
Loading driver 13AC6DD0-73D0-11D4-B06B-00AA00BD6DE7
InstallProtocolInterface: 5B1B31A1-9562-11D2-8E3F-00A0C969723B 1F6C5040
Loading driver at 0x0001FB7B000 EntryPoint=0x0001FB7B5D8 EbcDxe.efi
InstallProtocolInterface: BC62157E-3E33-4FEC-9920-2D3B36D750DF 1F6C6498
ProtectUefiImageCommon - 0x1F6C5040
  - 0x000000001FB7B000 - 0x0000000000006DC0
InstallProtocolInterface: 13AC6DD1-73D0-11D4-B06B-00AA00BD6DE7 1F6C5F18
InstallProtocolInterface: 96F46153-97A7-4793-ACC1-FA19BF78EA97 1FB815B0
InstallProtocolInterface: 2755590C-6F3C-42FA-9EA4-A3BA543CDA25 1F6C5A18
InstallProtocolInterface: AAEACCFD-F27B-4C17-B610-75CA1F2DFB52 1F6C5818
Loading driver 245CB4DA-8E15-4A1B-87E3-9878FFA07520
InstallProtocolInterface: 5B1B31A1-9562-11D2-8E3F-00A0C969723B 1F6C54C0
Loading driver at 0x0001FB78000 EntryPoint=0x0001FB784A0 Legacy8259.efi
InstallProtocolInterface: BC62157E-3E33-4FEC-9920-2D3B36D750DF 1F6C0018
ProtectUefiImageCommon - 0x1F6C54C0
  - 0x000000001FB78000 - 0x00000000000026C0
InstallProtocolInterface: 38321DBA-4FE0-4E17-8AEC-413055EAEDC1 1FB7A4B0
Loading driver A19B1FE7-C1BC-49F8-875F-54A5D542443F
InstallProtocolInterface: 5B1B31A1-9562-11D2-8E3F-00A0C969723B 1F6C00C0
Loading driver at 0x0001FB75000 EntryPoint=0x0001FB754A0 CpuIo2Dxe.efi
InstallProtocolInterface: BC62157E-3E33-4FEC-9920-2D3B36D750DF 1F6C0B18
ProtectUefiImageCommon - 0x1F6C00C0
  - 0x000000001FB75000 - 0x0000000000002C00
InstallProtocolInterface: AD61F191-AE5F-4C0E-B9FA-E869D288C64F 1FB779D0
Loading driver 1A1E4886-9517-440E-9FDE-3BE44CEE2136
InstallProtocolInterface: 5B1B31A1-9562-11D2-8E3F-00A0C969723B 1F6C0540
Loading driver at 0x0001FB65000 EntryPoint=0x0001FB65FD8 CpuDxe.efi
InstallProtocolInterface: BC62157E-3E33-4FEC-9920-2D3B36D750DF 1F6C4018
ProtectUefiImageCommon - 0x1F6C0540
  - 0x000000001FB65000 - 0x000000000000FEE0
Paging: added 512 pages to page table pool
CurrentPagingContext:
  MachineType   - 0x8664
  PageTableBase - 0x1FC01000
  Attributes    - 0xC0000002
InstallProtocolInterface: 26BACCB1-6F42-11D4-BCE7-0080C73C8881 1FB73F60
MemoryProtectionCpuArchProtocolNotify:
ProtectUefiImageCommon - 0x1FEC3388
  - 0x000000001FEA3000 - 0x0000000000025000
ProtectUefiImageCommon - 0x1F6BC040
  - 0x000000001FB8E000 - 0x000000000000C3A0
ProtectUefiImageCommon - 0x1F6BC440
  - 0x000000001FB87000 - 0x00000000000069E0
ProtectUefiImageCommon - 0x1F6C9240
  - 0x000000001FBC6000 - 0x0000000000004020
ProtectUefiImageCommon - 0x1F6C1140
  - 0x000000001FBC2000 - 0x00000000000038E0
ProtectUefiImageCommon - 0x1F6C6C40
  - 0x000000001FB82000 - 0x00000000000042E0
ProtectUefiImageCommon - 0x1F6C5040
  - 0x000000001FB7B000 - 0x0000000000006DC0
ProtectUefiImageCommon - 0x1F6C54C0
  - 0x000000001FB78000 - 0x00000000000026C0
ProtectUefiImageCommon - 0x1F6C00C0
  - 0x000000001FB75000 - 0x0000000000002C00
ProtectUefiImageCommon - 0x1F6C0540
  - 0x000000001FB65000 - 0x000000000000FEE0
ConvertPages: failed to find range A0000 - FFFFF
ConvertPages: failed to find range 80000000 - FBFFFFFF
ConvertPages: failed to find range FEC00000 - FEC00FFF
Failed to update capability: [8] 00000000FED00000 - 00000000FED003FF (C700000000000001 -> C700000000026001)
ConvertPages: failed to find range FEE00000 - FEEFFFFF
AP Loop Mode is 1
Detect CPU count: 1
InstallProtocolInterface: 3FDDA605-A76E-4F46-AD29-12F4531B3D08 1FB74050
Loading driver F6697AC4-A776-4EE1-B643-1FEFF2B615BB
InstallProtocolInterface: 5B1B31A1-9562-11D2-8E3F-00A0C969723B 1F6BF140
Loading driver at 0x0001FB5B000 EntryPoint=0x0001FB5B498 IncompatiblePciDeviceSupportDxe.efi
InstallProtocolInterface: BC62157E-3E33-4FEC-9920-2D3B36D750DF 1F6BF418
ProtectUefiImageCommon - 0x1F6BF140
  - 0x000000001FB5B000 - 0x0000000000002A60
InstallProtocolInterface: EB23F55A-7863-4AC2-8D3D-956535DE0375 1FB5D878
Loading driver 11A6EDF6-A9BE-426D-A6CC-B22FE51D9224
InstallProtocolInterface: 5B1B31A1-9562-11D2-8E3F-00A0C969723B 1F6BE0C0
Loading driver at 0x0001FB55000 EntryPoint=0x0001FB554F4 PciHotPlugInitDxe.efi
InstallProtocolInterface: BC62157E-3E33-4FEC-9920-2D3B36D750DF 1F6BEA98
ProtectUefiImageCommon - 0x1F6BE0C0
  - 0x000000001FB55000 - 0x0000000000005C80
InstallProtocolInterface: AA0E8BC1-DABC-46B0-A844-37B8169B2BEA 1FB5A7A0
Loading driver 4B28E4C7-FF36-4E10-93CF-A82159E777C5
InstallProtocolInterface: 5B1B31A1-9562-11D2-8E3F-00A0C969723B 1F6BE540
!!!!!!!!  InsertImageRecord - Section Alignment(0x20) is not 4K  !!!!!!!!
!!!!!!!!  Image - b:\edk2\Build\OvmfX64\DEBUG_VS2019\X64\MdeModulePkg\Universal\ResetSystemRuntimeDxe\ResetSystemRuntimeDxe\DEBUG\ResetSystemRuntimeDxe.pdb  !!!!!!!!
Loading driver at 0x0001FBBD000 EntryPoint=0x0001FBBD4D4 ResetSystemRuntimeDxe.efi
InstallProtocolInterface: BC62157E-3E33-4FEC-9920-2D3B36D750DF 1F6BDB18
ProtectUefiImageCommon - 0x1F6BE540
  - 0x000000001FBBD000 - 0x00000000000040C0
InstallProtocolInterface: 27CFAC88-46CC-11D4-9A38-0090273FC14D 0
InstallProtocolInterface: 9DA34AE0-EAF9-4BBF-8EC3-FD60226C44BE 1FBC0CB8
InstallProtocolInterface: 695D7835-8D47-4C11-AB22-FA8ACCE7AE7A 1FBC0C90
InstallProtocolInterface: 2DF6BA0B-7092-440D-BD04-FB091EC3F3C1 1FBC0C68
Loading driver C8339973-A563-4561-B858-D8476F9DEFC4
InstallProtocolInterface: 5B1B31A1-9562-11D2-8E3F-00A0C969723B 1F6BD240
Loading driver at 0x0001FB52000 EntryPoint=0x0001FB524E0 Metronome.efi
InstallProtocolInterface: BC62157E-3E33-4FEC-9920-2D3B36D750DF 1F6BDC18
ProtectUefiImageCommon - 0x1F6BD240
  - 0x000000001FB52000 - 0x0000000000002AE0
InstallProtocolInterface: 26BACCB2-6F42-11D4-BCE7-0080C73C8881 1FB54880
Loading driver 79E4A61C-ED73-4312-94FE-E3E7563362A9
InstallProtocolInterface: 5B1B31A1-9562-11D2-8E3F-00A0C969723B 1F2B1CC0
Loading driver at 0x0001FB4F000 EntryPoint=0x0001FB4F498 PrintDxe.efi
InstallProtocolInterface: BC62157E-3E33-4FEC-9920-2D3B36D750DF 1F2B1A98
ProtectUefiImageCommon - 0x1F2B1CC0
  - 0x000000001FB4F000 - 0x0000000000002FA0
InstallProtocolInterface: F05976EF-83F1-4F3D-8619-F7595D41E538 1FB51050
InstallProtocolInterface: 0CC252D2-C106-4661-B5BD-3147A4F81F92 1FB510A0
Loading driver 348C4D62-BFBD-4882-9ECE-C80BB1C4783B
InstallProtocolInterface: 5B1B31A1-9562-11D2-8E3F-00A0C969723B 1F2B1340
Loading driver at 0x0001FB31000 EntryPoint=0x0001FB314B8 HiiDatabase.efi
InstallProtocolInterface: BC62157E-3E33-4FEC-9920-2D3B36D750DF 1F292018
ProtectUefiImageCommon - 0x1F2B1340
  - 0x000000001FB31000 - 0x000000000001DB40
InstallProtocolInterface: E9CA4775-8657-47FC-97E7-7ED65A084324 1FB4D428
InstallProtocolInterface: 0FD96974-23AA-4CDC-B9CB-98D17750322A 1FB4D4A0
InstallProtocolInterface: EF9FC172-A1B2-4693-B327-6D32FC416042 1FB4D4C8
InstallProtocolInterface: 587E72D7-CC50-4F79-8209-CA291FC1A10F 1FB4D520
InstallProtocolInterface: 0A8BADD5-03B8-4D19-B128-7B8F0EDAA596 1FB4D550
InstallProtocolInterface: 31A6406A-6BDF-4E46-B2A2-EBAA89C40920 1FB4D448
InstallProtocolInterface: 1A1241E6-8F19-41A9-BC0E-E8EF39E06546 1FB4D470
Loading driver 96B5C032-DF4C-4B6E-8232-438DCF448D0E
InstallProtocolInterface: 5B1B31A1-9562-11D2-8E3F-00A0C969723B 1F2921C0
Loading driver at 0x0001FB2E000 EntryPoint=0x0001FB2E498 NullMemoryTestDxe.efi
InstallProtocolInterface: BC62157E-3E33-4FEC-9920-2D3B36D750DF 1F292518
ProtectUefiImageCommon - 0x1F2921C0
  - 0x000000001FB2E000 - 0x0000000000002BA0
InstallProtocolInterface: 309DE7F1-7F5E-4ACE-B49C-531BE5AA95EF 1FB30950
Loading driver 9622E42C-8E38-4A08-9E8F-54F784652F6B
InstallProtocolInterface: 5B1B31A1-9562-11D2-8E3F-00A0C969723B 1F2AD0C0
Loading driver at 0x0001FB26000 EntryPoint=0x0001FB264B8 AcpiTableDxe.efi
InstallProtocolInterface: BC62157E-3E33-4FEC-9920-2D3B36D750DF 1F2ADB18
ProtectUefiImageCommon - 0x1F2AD0C0
  - 0x000000001FB26000 - 0x0000000000007FC0
InstallProtocolInterface: FFE06BDD-6107-46A6-7BB2-5A9C7EC5275C 1F2AD420
InstallProtocolInterface: EB97088E-CFDF-49C6-BE4B-D906A5B20E86 1F2AD430
Loading driver A210F973-229D-4F4D-AA37-9895E6C9EABA
InstallProtocolInterface: 5B1B31A1-9562-11D2-8E3F-00A0C969723B 1F2AC040
Loading driver at 0x0001FB23000 EntryPoint=0x0001FB23498 DpcDxe.efi
InstallProtocolInterface: BC62157E-3E33-4FEC-9920-2D3B36D750DF 1F2ACD18
ProtectUefiImageCommon - 0x1F2AC040
  - 0x000000001FB23000 - 0x0000000000002BE0
InstallProtocolInterface: 480F8AE9-0C46-4AA9-BC89-DB9FBA619806 1FB25770
Loading driver 8657015B-EA43-440D-949A-AF3BE365C0FC
InstallProtocolInterface: 5B1B31A1-9562-11D2-8E3F-00A0C969723B 1F2AC440
Loading driver at 0x0001FB1E000 EntryPoint=0x0001FB1E534 IoMmuDxe.efi
InstallProtocolInterface: BC62157E-3E33-4FEC-9920-2D3B36D750DF 1F2ACC18
ProtectUefiImageCommon - 0x1F2AC440
  - 0x000000001FB1E000 - 0x00000000000047A0
InstallProtocolInterface: F8775D50-8ABD-4ADF-92AC-853E51F6C8DC 0
Loading driver 22DC2B60-FE40-42AC-B01F-3AB1FAD9AAD8
InstallProtocolInterface: 5B1B31A1-9562-11D2-8E3F-00A0C969723B 1F2B0B40
!!!!!!!!  InsertImageRecord - Section Alignment(0x20) is not 4K  !!!!!!!!
!!!!!!!!  Image - b:\edk2\Build\OvmfX64\DEBUG_VS2019\X64\OvmfPkg\EmuVariableFvbRuntimeDxe\Fvb\DEBUG\EmuVariableFvbRuntimeDxe.pdb  !!!!!!!!
Loading driver at 0x0001FBB9000 EntryPoint=0x0001FBB9498 EmuVariableFvbRuntimeDxe.efi
InstallProtocolInterface: BC62157E-3E33-4FEC-9920-2D3B36D750DF 1F2AC798
ProtectUefiImageCommon - 0x1F2B0B40
  - 0x000000001FBB9000 - 0x0000000000003B80
EMU Variable FVB Started
EMU Variable FVB: Using pre-reserved block at 1FEF4000
EMU Variable FVB: Basic FV headers were invalid
Installing FVB for EMU Variable support
InstallProtocolInterface: 8F644FA9-E850-4DB1-9CE2-0B44698E8DA4 1FBBC780
InstallProtocolInterface: 09576E91-6D3F-11D2-8E39-00A0C969723B 1FBBC748
Loading driver CBD2E4D5-7068-4FF5-B462-9822B4AD8D60
InstallProtocolInterface: 5B1B31A1-9562-11D2-8E3F-00A0C969723B 1F2B01C0
!!!!!!!!  InsertImageRecord - Section Alignment(0x20) is not 4K  !!!!!!!!
!!!!!!!!  Image - b:\edk2\Build\OvmfX64\DEBUG_VS2019\X64\MdeModulePkg\Universal\Variable\RuntimeDxe\VariableRuntimeDxe\DEBUG\VariableRuntimeDxe.pdb  !!!!!!!!
Loading driver at 0x0001FBAB000 EntryPoint=0x0001FBAB524 VariableRuntimeDxe.efi
InstallProtocolInterface: BC62157E-3E33-4FEC-9920-2D3B36D750DF 1F2B0518
ProtectUefiImageCommon - 0x1F2B01C0
  - 0x000000001FBAB000 - 0x000000000000D9A0
VarCheckLibRegisterSetVariableCheckHandler - 0x1FBB32FC Success
Variable driver common space: 0x3FF9C 0x3FF9C 0x3FF9C
Variable driver will work with auth variable format!
InstallProtocolInterface: CD3D0A05-9E24-437C-A891-1EE053DB7638 1FBB7560
InstallProtocolInterface: AF23B340-97B4-4685-8D4F-A3F28169B21D 1FBB7568
InstallProtocolInterface: 1E5668E2-8481-11D4-BCF1-0080C73C8881 0
Loading driver 6C2004EF-4E0E-4BE4-B14C-340EB4AA5891
InstallProtocolInterface: 5B1B31A1-9562-11D2-8E3F-00A0C969723B 1F2AF240
!!!!!!!!  InsertImageRecord - Section Alignment(0x20) is not 4K  !!!!!!!!
!!!!!!!!  Image - b:\edk2\Build\OvmfX64\DEBUG_VS2019\X64\MdeModulePkg\Universal\StatusCodeHandler\RuntimeDxe\StatusCodeHandlerRuntimeDxe\DEBUG\StatusCodeHandlerRuntimeDxe.pdb  !!!!!!!!
Loading driver at 0x0001FBA7000 EntryPoint=0x0001FBA7498 StatusCodeHandlerRuntimeDxe.efi
InstallProtocolInterface: BC62157E-3E33-4FEC-9920-2D3B36D750DF 1F2AF618
ProtectUefiImageCommon - 0x1F2AF240
  - 0x000000001FBA7000 - 0x00000000000030A0
Loading driver C190FE35-44AA-41A1-8AEA-4947BC60E09D
InstallProtocolInterface: 5B1B31A1-9562-11D2-8E3F-00A0C969723B 1F2AE0C0
Loading driver at 0x0001FB1B000 EntryPoint=0x0001FB1B4A0 Timer.efi
InstallProtocolInterface: BC62157E-3E33-4FEC-9920-2D3B36D750DF 1F2AEA18
ProtectUefiImageCommon - 0x1F2AE0C0
  - 0x000000001FB1B000 - 0x00000000000027A0
InstallProtocolInterface: 26BACCB3-6F42-11D4-BCE7-0080C73C8881 1FB1D590
Loading driver 128FB770-5E79-4176-9E51-9BB268A17DD1
InstallProtocolInterface: 5B1B31A1-9562-11D2-8E3F-00A0C969723B 1F2AE440
Loading driver at 0x0001FB10000 EntryPoint=0x0001FB10504 PciHostBridgeDxe.efi
InstallProtocolInterface: BC62157E-3E33-4FEC-9920-2D3B36D750DF 1F2A0F18
ProtectUefiImageCommon - 0x1F2AE440
  - 0x000000001FB10000 - 0x000000000000AD40
Select Item: 0x0
FW CFG Signature: 0x554D4551
Select Item: 0x1
FW CFG Revision: 0x3
QemuFwCfg interface (DMA) is supported.
Select Item: 0x19
InitRootBridge: populated root bus 0, with room for 255 subordinate bus(es)
RootBridge: PciRoot(0x0)
  Support/Attr: 70069 / 70069
    DmaAbove4G: No
NoExtConfSpace: Yes
     AllocAttr: 3 (CombineMemPMem Mem64Decode)
           Bus: 0 - FF Translation=0
            Io: C000 - FFFF Translation=0
           Mem: 80000000 - FBFFFFFF Translation=0
    MemAbove4G: 800000000 - FFFFFFFFF Translation=0
          PMem: FFFFFFFFFFFFFFFF - 0 Translation=0
   PMemAbove4G: FFFFFFFFFFFFFFFF - 0 Translation=0
InstallProtocolInterface: CF8034BE-6768-4D8B-B739-7CCE683A9FBE 1F2A00C0
InstallProtocolInterface: 09576E91-6D3F-11D2-8E39-00A0C969723B 1F2A0A98
InstallProtocolInterface: 2F707EBB-4A1A-11D4-9A38-0090273FC14D 1F2A0370
Loading driver EBF342FE-B1D3-4EF8-957C-8048606FF671
InstallProtocolInterface: 5B1B31A1-9562-11D2-8E3F-00A0C969723B 1F2ABB40
Loading driver at 0x0001FAF7000 EntryPoint=0x0001FAF74B8 SetupBrowser.efi
InstallProtocolInterface: BC62157E-3E33-4FEC-9920-2D3B36D750DF 1F2AB098
ProtectUefiImageCommon - 0x1F2ABB40
  - 0x000000001FAF7000 - 0x0000000000018320
InstallProtocolInterface: B9D4C360-BCFB-4F9B-9298-53C136982258 1FB0DF60
InstallProtocolInterface: A770C357-B693-4E6D-A6CF-D21C728E550B 1FB0DF90
InstallProtocolInterface: 1F73B18D-4630-43C1-A1DE-6F80855D7DA4 1FB0DF70
Loading driver F9D88642-0737-49BC-81B5-6889CD57D9EA
InstallProtocolInterface: 5B1B31A1-9562-11D2-8E3F-00A0C969723B 1F2A3040
Loading driver at 0x0001FAF0000 EntryPoint=0x0001FAF04E8 SmbiosDxe.efi
InstallProtocolInterface: BC62157E-3E33-4FEC-9920-2D3B36D750DF 1F2A3F18
ProtectUefiImageCommon - 0x1F2A3040
  - 0x000000001FAF0000 - 0x00000000000061E0
Select Item: 0x0
FW CFG Signature: 0x554D4551
Select Item: 0x1
FW CFG Revision: 0x3
QemuFwCfg interface (DMA) is supported.
Select Item: 0x19
Select Item: 0x19
Select Item: 0x25
DetectSmbiosVersion: SMBIOS version from QEMU: 0x0208
InstallProtocolInterface: 03583FF6-CB36-4940-947E-B9B39F4AFAF7 1FAF5D50
Loading driver 49970331-E3FA-4637-9ABC-3B7868676970
InstallProtocolInterface: 5B1B31A1-9562-11D2-8E3F-00A0C969723B 1F2A3440
Loading driver at 0x0001FAE7000 EntryPoint=0x0001FAE74C8 AcpiPlatform.efi
InstallProtocolInterface: BC62157E-3E33-4FEC-9920-2D3B36D750DF 1F2A3698
ProtectUefiImageCommon - 0x1F2A3440
  - 0x000000001FAE7000 - 0x00000000000089C0
Select Item: 0x0
FW CFG Signature: 0x554D4551
Select Item: 0x1
FW CFG Revision: 0x3
QemuFwCfg interface (DMA) is supported.
AcpiPlatformEntryPoint: waiting for root bridges to be connected, registered callback
Loading driver BDCE85BB-FBAA-4F4E-9264-501A2C249581
InstallProtocolInterface: 5B1B31A1-9562-11D2-8E3F-00A0C969723B 1F2AABC0
Loading driver at 0x0001FADF000 EntryPoint=0x0001FADF4F4 S3SaveStateDxe.efi
InstallProtocolInterface: BC62157E-3E33-4FEC-9920-2D3B36D750DF 1F2A3798
ProtectUefiImageCommon - 0x1F2AABC0
  - 0x000000001FADF000 - 0x0000000000007B60
Select Item: 0x0
FW CFG Signature: 0x554D4551
Select Item: 0x1
FW CFG Revision: 0x3
QemuFwCfg interface (DMA) is supported.
Select Item: 0x19
Select Item: 0x27
InstallProtocolInterface: BD445D79-B7AD-4F04-9AD8-29BD2040EB3C 0
InstallProtocolInterface: E857CAF6-C046-45DC-BE3F-EE0765FBA887 1FAE62E0
Loading driver A487A478-51EF-48AA-8794-7BEE2A0562F1
InstallProtocolInterface: 5B1B31A1-9562-11D2-8E3F-00A0C969723B 1F2AA2C0
Loading driver at 0x0001FAD3000 EntryPoint=0x0001FAD358C tftpDynamicCommand.efi
InstallProtocolInterface: BC62157E-3E33-4FEC-9920-2D3B36D750DF 1F2A9018
InstallProtocolInterface: 6A1EE763-D47A-43B4-AABE-EF1DE2AB56FC 1FADC8A0
ProtectUefiImageCommon - 0x1F2AA2C0
  - 0x000000001FAD3000 - 0x000000000000B400
InstallProtocolInterface: 3C7200E9-005F-4EA4-87DE-A3DFAC8A27C3 1FADBF20
Loading driver F74D20EE-37E7-48FC-97F7-9B1047749C69
InstallProtocolInterface: 5B1B31A1-9562-11D2-8E3F-00A0C969723B 1F2A91C0
Loading driver at 0x0001FACD000 EntryPoint=0x0001FACD4C0 LogoDxe.efi
InstallProtocolInterface: BC62157E-3E33-4FEC-9920-2D3B36D750DF 1F2A9718
InstallProtocolInterface: 6A1EE763-D47A-43B4-AABE-EF1DE2AB56FC 1FACF580
ProtectUefiImageCommon - 0x1F2A91C0
  - 0x000000001FACD000 - 0x00000000000054E0
InstallProtocolInterface: 53CD299F-2BC1-40C0-8C07-23F64FDB30E0 1FACF3C0
Loading driver DCE1B094-7DC6-45D0-9FDD-D7FC3CC3E4EF
InstallProtocolInterface: 5B1B31A1-9562-11D2-8E3F-00A0C969723B 1F2A65C0
Loading driver at 0x0001FAC7000 EntryPoint=0x0001FAC74C8 QemuRamfbDxe.efi
InstallProtocolInterface: BC62157E-3E33-4FEC-9920-2D3B36D750DF 1F2A6B18
ProtectUefiImageCommon - 0x1F2A65C0
  - 0x000000001FAC7000 - 0x00000000000056E0
Select Item: 0x0
FW CFG Signature: 0x554D4551
Select Item: 0x1
FW CFG Revision: 0x3
QemuFwCfg interface (DMA) is supported.
Select Item: 0x19
Error: Image at 0001FAC7000 start failed: Not Found
Loading driver FE5CEA76-4F72-49E8-986F-2CD899DFFE5D
InstallProtocolInterface: 5B1B31A1-9562-11D2-8E3F-00A0C969723B 1F2A65C0
Loading driver at 0x0001FAC6000 EntryPoint=0x0001FAC64B8 FaultTolerantWriteDxe.efi
InstallProtocolInterface: BC62157E-3E33-4FEC-9920-2D3B36D750DF 1F2A6B98
ProtectUefiImageCommon - 0x1F2A65C0
  - 0x000000001FAC6000 - 0x0000000000006080
Ftw: FtwWorkSpaceLba - 0x40, WorkBlockSize  - 0x1000, FtwWorkSpaceBase - 0x0
Ftw: FtwSpareLba     - 0x42, SpareBlockSize - 0x1000
Ftw: NumberOfWorkBlock - 0x1, FtwWorkBlockLba - 0x40
Ftw: WorkSpaceLbaInSpare - 0x0, WorkSpaceBaseInSpare - 0x0
Ftw: Remaining work space size - FE0
Ftw: Work block header check mismatch
Ftw: Work block header check mismatch
Ftw: Both working and spare blocks are invalid, init workspace
Ftw: start to reclaim work space
Ftw: reclaim work space successfully
InstallProtocolInterface: 3EBD9E82-2C78-4DE6-9786-8D4BFCB7C881 1F2A1028
NOTICE - AuthVariableLibInitialize() returns Unsupported!
Variable driver will continue to work without auth variable support!
[Variable] Lock: BB983CCF-151D-40E1-A07B-4A17BE168292:MemoryOverwriteRequestControlLock Success
[Variable] Lock: E20939BE-32D4-41BE-A150-897F85D49829:MemoryOverwriteRequestControl Success
RecordSecureBootPolicyVarData GetVariable SecureBoot Status E
InstallProtocolInterface: 6441F818-6362-4E44-B570-7DBA31DD2453 0
Loading driver 378D7B65-8DA9-4773-B6E4-A47826A833E1
InstallProtocolInterface: 5B1B31A1-9562-11D2-8E3F-00A0C969723B 1F2A5840
!!!!!!!!  InsertImageRecord - Section Alignment(0x20) is not 4K  !!!!!!!!
!!!!!!!!  Image - b:\edk2\Build\OvmfX64\DEBUG_VS2019\X64\PcAtChipsetPkg\PcatRealTimeClockRuntimeDxe\PcatRealTimeClockRuntimeDxe\DEBUG\PcRtc.pdb  !!!!!!!!
Loading driver at 0x0001FBA2000 EntryPoint=0x0001FBA24D4 PcRtc.efi
InstallProtocolInterface: BC62157E-3E33-4FEC-9920-2D3B36D750DF 1F2A5B98
ProtectUefiImageCommon - 0x1F2A5840
  - 0x000000001FBA2000 - 0x0000000000004F60
InstallProtocolInterface: 27CFAC87-46CC-11D4-9A38-0090273FC14D 0
Loading driver F099D67F-71AE-4C36-B2A3-DCEB0EB2B7D8
InstallProtocolInterface: 5B1B31A1-9562-11D2-8E3F-00A0C969723B 1F2A4040
Loading driver at 0x0001FAC3000 EntryPoint=0x0001FAC3498 WatchdogTimer.efi
InstallProtocolInterface: BC62157E-3E33-4FEC-9920-2D3B36D750DF 1F2A5518
ProtectUefiImageCommon - 0x1F2A4040
  - 0x000000001FAC3000 - 0x00000000000028C0
InstallProtocolInterface: 665E3FF5-46CC-11D4-9A38-0090273FC14D 1FAC56A0
Loading driver AD608272-D07F-4964-801E-7BD3B7888652
InstallProtocolInterface: 5B1B31A1-9562-11D2-8E3F-00A0C969723B 1F2A43C0
!!!!!!!!  InsertImageRecord - Section Alignment(0x20) is not 4K  !!!!!!!!
!!!!!!!!  Image - b:\edk2\Build\OvmfX64\DEBUG_VS2019\X64\MdeModulePkg\Universal\MonotonicCounterRuntimeDxe\MonotonicCounterRuntimeDxe\DEBUG\MonotonicCounterRuntimeDxe.pdb  !!!!!!!!
Loading driver at 0x0001FB9F000 EntryPoint=0x0001FB9F4A0 MonotonicCounterRuntimeDxe.efi
InstallProtocolInterface: BC62157E-3E33-4FEC-9920-2D3B36D750DF 1F2A4B98
ProtectUefiImageCommon - 0x1F2A43C0
  - 0x000000001FB9F000 - 0x0000000000002AC0
InstallProtocolInterface: 1DA97072-BDDC-4B30-99F1-72A0B56FFF2A 0
Loading driver 42857F0A-13F2-4B21-8A23-53D3F714B840
InstallProtocolInterface: 5B1B31A1-9562-11D2-8E3F-00A0C969723B 1F29CC40
!!!!!!!!  InsertImageRecord - Section Alignment(0x20) is not 4K  !!!!!!!!
!!!!!!!!  Image - b:\edk2\Build\OvmfX64\DEBUG_VS2019\X64\MdeModulePkg\Universal\CapsuleRuntimeDxe\CapsuleRuntimeDxe\DEBUG\CapsuleRuntimeDxe.pdb  !!!!!!!!
Loading driver at 0x0001FB9C000 EntryPoint=0x0001FB9C4F8 CapsuleRuntimeDxe.efi
InstallProtocolInterface: BC62157E-3E33-4FEC-9920-2D3B36D750DF 1F29CA98
ProtectUefiImageCommon - 0x1F29CC40
  - 0x000000001FB9C000 - 0x0000000000002C60
InstallProtocolInterface: 5053697E-2CBC-4819-90D9-0580DEEE5754 0
Loading driver EBF8ED7C-0DD1-4787-84F1-F48D537DCACF
InstallProtocolInterface: 5B1B31A1-9562-11D2-8E3F-00A0C969723B 1F29C2C0
Loading driver at 0x0001FABC000 EntryPoint=0x0001FABC4B8 DriverHealthManagerDxe.efi
InstallProtocolInterface: BC62157E-3E33-4FEC-9920-2D3B36D750DF 1F29C618
ProtectUefiImageCommon - 0x1F29C2C0
  - 0x000000001FABC000 - 0x0000000000006660
InstallProtocolInterface: 09576E91-6D3F-11D2-8E39-00A0C969723B 1FAC1F70
InstallProtocolInterface: 330D4706-F2A0-4E4F-A369-B66FA8D54385 1FAC1F58
Loading driver 6D33944A-EC75-4855-A54D-809C75241F6C
InstallProtocolInterface: 5B1B31A1-9562-11D2-8E3F-00A0C969723B 1F29B3C0
Loading driver at 0x0001FAA0000 EntryPoint=0x0001FAA0604 BdsDxe.efi
InstallProtocolInterface: BC62157E-3E33-4FEC-9920-2D3B36D750DF 1F29B618
ProtectUefiImageCommon - 0x1F29B3C0
  - 0x000000001FAA0000 - 0x000000000001B680
Select Item: 0x0
FW CFG Signature: 0x554D4551
Select Item: 0x1
FW CFG Revision: 0x3
QemuFwCfg interface (DMA) is supported.
InstallProtocolInterface: 665E3FF6-46CC-11D4-9A38-0090273FC14D 1FAB9B70
Loading driver 28A03FF4-12B3-4305-A417-BB1A4F94081E
InstallProtocolInterface: 5B1B31A1-9562-11D2-8E3F-00A0C969723B 1F294140
Loading driver at 0x0001FA94000 EntryPoint=0x0001FA945BC RamDiskDxe.efi
InstallProtocolInterface: BC62157E-3E33-4FEC-9920-2D3B36D750DF 1F294418
ProtectUefiImageCommon - 0x1F294140
  - 0x000000001FA94000 - 0x000000000000B960
InstallProtocolInterface: 09576E91-6D3F-11D2-8E39-00A0C969723B 1F29AF98
InstallProtocolInterface: 330D4706-F2A0-4E4F-A369-B66FA8D54385 1FA9E538
InstallProtocolInterface: 09576E91-6D3F-11D2-8E39-00A0C969723B 1FA9E330
InstallProtocolInterface: 330D4706-F2A0-4E4F-A369-B66FA8D54385 1F299B30
InstallProtocolInterface: AB38A0DF-6873-44A9-87E6-D4EB56148449 1FA9E1D0
InstallProtocolInterface: 28A03FF4-12B3-4305-A417-BB1A4F94081E 1F299B18
Loading driver E660EA85-058E-4B55-A54B-F02F83A24707
InstallProtocolInterface: 5B1B31A1-9562-11D2-8E3F-00A0C969723B 1F29A0C0
Loading driver at 0x0001FA7F000 EntryPoint=0x0001FA7F4FC DisplayEngine.efi
InstallProtocolInterface: BC62157E-3E33-4FEC-9920-2D3B36D750DF 1F29A318
ProtectUefiImageCommon - 0x1F29A0C0
  - 0x000000001FA7F000 - 0x00000000000140C0
InstallProtocolInterface: 9BBE29E9-FDA1-41EC-AD52-452213742D2E 1FA91A68
InstallProtocolInterface: 4311EDC0-6054-46D4-9E40-893EA952FCCC 1FA91A80
Loading driver 4110465D-5FF3-4F4B-B580-24ED0D06747A
InstallProtocolInterface: 5B1B31A1-9562-11D2-8E3F-00A0C969723B 1F28B040
Loading driver at 0x0001FA7B000 EntryPoint=0x0001FA7B4C8 SmbiosPlatformDxe.efi
InstallProtocolInterface: BC62157E-3E33-4FEC-9920-2D3B36D750DF 1F29A418
ProtectUefiImageCommon - 0x1F28B040
  - 0x000000001FA7B000 - 0x0000000000003F20
Select Item: 0x0
FW CFG Signature: 0x554D4551
Select Item: 0x1
FW CFG Revision: 0x3
QemuFwCfg interface (DMA) is supported.
Select Item: 0x19
Select Item: 0x26
SmbiosAdd: Smbios type 1 with size 0x51 is added to 32-bit table
SmbiosCreateTable: Initialize 32-bit entry point structure
SmbiosCreateTable() re-allocate SMBIOS 32-bit table
SmbiosAdd: Smbios type 3 with size 0x2A is added to 32-bit table
SmbiosAdd: Smbios type 4 with size 0x44 is added to 32-bit table
SmbiosAdd: Smbios type 16 with size 0x19 is added to 32-bit table
SmbiosAdd: Smbios type 17 with size 0x35 is added to 32-bit table
SmbiosAdd: Smbios type 19 with size 0x21 is added to 32-bit table
SmbiosAdd: Smbios type 32 with size 0xD is added to 32-bit table
SmbiosAdd: Smbios type 0 with size 0x4A is added to 32-bit table
Loading driver FA20568B-548B-4B2B-81EF-1BA08D4A3CEC
InstallProtocolInterface: 5B1B31A1-9562-11D2-8E3F-00A0C969723B 1F28FBC0
Loading driver at 0x0001FA6C000 EntryPoint=0x0001FA6CCA4 BootScriptExecutorDxe.efi
InstallProtocolInterface: BC62157E-3E33-4FEC-9920-2D3B36D750DF 1F28FF18
ProtectUefiImageCommon - 0x1F28FBC0
  - 0x000000001FA6C000 - 0x000000000000EDE0
Select Item: 0x0
FW CFG Signature: 0x554D4551
Select Item: 0x1
FW CFG Revision: 0x3
QemuFwCfg interface (DMA) is supported.
Select Item: 0x19
Select Item: 0x27
Loading driver D9DCC5DF-4007-435E-9098-8970935504B2
InstallProtocolInterface: 5B1B31A1-9562-11D2-8E3F-00A0C969723B 1F28F2C0
Loading driver at 0x0001FA66000 EntryPoint=0x0001FA66578 PlatformDxe.efi
InstallProtocolInterface: BC62157E-3E33-4FEC-9920-2D3B36D750DF 1F28F818
ProtectUefiImageCommon - 0x1F28F2C0
  - 0x000000001FA66000 - 0x0000000000005560
InstallProtocolInterface: 09576E91-6D3F-11D2-8E39-00A0C969723B 1FA6AF68
InstallProtocolInterface: 330D4706-F2A0-4E4F-A369-B66FA8D54385 1FA6B0D0
Loading driver 93B80004-9FB3-11D4-9A3A-0090273FC14D
InstallProtocolInterface: 5B1B31A1-9562-11D2-8E3F-00A0C969723B 1F28DC40
Loading driver at 0x0001FA55000 EntryPoint=0x0001FA554B8 PciBusDxe.efi
InstallProtocolInterface: BC62157E-3E33-4FEC-9920-2D3B36D750DF 1F28E698
ProtectUefiImageCommon - 0x1F28DC40
  - 0x000000001FA55000 - 0x0000000000010500
InstallProtocolInterface: 18A031AB-B443-4D1A-A5C0-0C09261E9F71 1FA64340
InstallProtocolInterface: 107A772C-D5E1-11D4-9A46-0090273FC14D 1FA64388
InstallProtocolInterface: 6A7A5CFF-E8D9-4F70-BADA-75AB3025CE14 1FA643A0
InstallProtocolInterface: 19CB87AB-2CB9-4665-8360-DDCF6054F79D 1FA64370
Loading driver 83DD3B39-7CAF-4FAC-A542-E050B767E3A7
InstallProtocolInterface: 5B1B31A1-9562-11D2-8E3F-00A0C969723B 1F28D140
Loading driver at 0x0001FA51000 EntryPoint=0x0001FA51498 VirtioPciDeviceDxe.efi
InstallProtocolInterface: BC62157E-3E33-4FEC-9920-2D3B36D750DF 1F28D918
ProtectUefiImageCommon - 0x1F28D140
  - 0x000000001FA51000 - 0x0000000000003C60
InstallProtocolInterface: 18A031AB-B443-4D1A-A5C0-0C09261E9F71 1FA54810
InstallProtocolInterface: 107A772C-D5E1-11D4-9A46-0090273FC14D 1FA54858
InstallProtocolInterface: 6A7A5CFF-E8D9-4F70-BADA-75AB3025CE14 1FA54840
Loading driver 0170F60C-1D40-4651-956D-F0BD9879D527
InstallProtocolInterface: 5B1B31A1-9562-11D2-8E3F-00A0C969723B 1F28C040
Loading driver at 0x0001FA4B000 EntryPoint=0x0001FA4B4C8 Virtio10.efi
InstallProtocolInterface: BC62157E-3E33-4FEC-9920-2D3B36D750DF 1F28CF18
ProtectUefiImageCommon - 0x1F28C040
  - 0x000000001FA4B000 - 0x0000000000005920
InstallProtocolInterface: 18A031AB-B443-4D1A-A5C0-0C09261E9F71 1FA50360
InstallProtocolInterface: 107A772C-D5E1-11D4-9A46-0090273FC14D 1FA50390
InstallProtocolInterface: 6A7A5CFF-E8D9-4F70-BADA-75AB3025CE14 1FA503A8
Loading driver 11D92DFB-3CA9-4F93-BA2E-4780ED3E03B5
InstallProtocolInterface: 5B1B31A1-9562-11D2-8E3F-00A0C969723B 1F28C440
Loading driver at 0x0001FA46000 EntryPoint=0x0001FA46498 VirtioBlkDxe.efi
InstallProtocolInterface: BC62157E-3E33-4FEC-9920-2D3B36D750DF 1F28C698
ProtectUefiImageCommon - 0x1F28C440
  - 0x000000001FA46000 - 0x0000000000004220
InstallProtocolInterface: 18A031AB-B443-4D1A-A5C0-0C09261E9F71 1FA49E00
InstallProtocolInterface: 107A772C-D5E1-11D4-9A46-0090273FC14D 1FA49E48
InstallProtocolInterface: 6A7A5CFF-E8D9-4F70-BADA-75AB3025CE14 1FA49E30
Loading driver FAB5D4F4-83C0-4AAF-8480-442D11DF6CEA
InstallProtocolInterface: 5B1B31A1-9562-11D2-8E3F-00A0C969723B 1F28AB40
Loading driver at 0x0001FA41000 EntryPoint=0x0001FA41498 VirtioScsiDxe.efi
InstallProtocolInterface: BC62157E-3E33-4FEC-9920-2D3B36D750DF 1F28AE18
ProtectUefiImageCommon - 0x1F28AB40
  - 0x000000001FA41000 - 0x0000000000004680
InstallProtocolInterface: 18A031AB-B443-4D1A-A5C0-0C09261E9F71 1FA45240
InstallProtocolInterface: 107A772C-D5E1-11D4-9A46-0090273FC14D 1FA45288
InstallProtocolInterface: 6A7A5CFF-E8D9-4F70-BADA-75AB3025CE14 1FA45270
Loading driver 58E26F0D-CBAC-4BBA-B70F-18221415665A
InstallProtocolInterface: 5B1B31A1-9562-11D2-8E3F-00A0C969723B 1F28A140
Loading driver at 0x0001FA3D000 EntryPoint=0x0001FA3D498 VirtioRngDxe.efi
InstallProtocolInterface: BC62157E-3E33-4FEC-9920-2D3B36D750DF 1F28A718
ProtectUefiImageCommon - 0x1F28A140
  - 0x000000001FA3D000 - 0x0000000000003D00
InstallProtocolInterface: 18A031AB-B443-4D1A-A5C0-0C09261E9F71 1FA40910
InstallProtocolInterface: 107A772C-D5E1-11D4-9A46-0090273FC14D 1FA40958
InstallProtocolInterface: 6A7A5CFF-E8D9-4F70-BADA-75AB3025CE14 1FA40940
Loading driver CF569F50-DE44-4F54-B4D7-F4AE25CDA599
InstallProtocolInterface: 5B1B31A1-9562-11D2-8E3F-00A0C969723B 1F289CC0
Loading driver at 0x0001FA39000 EntryPoint=0x0001FA39498 XenIoPciDxe.efi
InstallProtocolInterface: BC62157E-3E33-4FEC-9920-2D3B36D750DF 1F289198
ProtectUefiImageCommon - 0x1F289CC0
  - 0x000000001FA39000 - 0x00000000000030C0
InstallProtocolInterface: 18A031AB-B443-4D1A-A5C0-0C09261E9F71 1FA3BDC0
InstallProtocolInterface: 107A772C-D5E1-11D4-9A46-0090273FC14D 1FA3BE08
InstallProtocolInterface: 6A7A5CFF-E8D9-4F70-BADA-75AB3025CE14 1FA3BDF0
Loading driver 565EC8BA-A484-11E3-802B-B8AC6F7D65E6
InstallProtocolInterface: 5B1B31A1-9562-11D2-8E3F-00A0C969723B 1F2892C0
Loading driver at 0x0001FA2F000 EntryPoint=0x0001FA2F5F4 XenBusDxe.efi
InstallProtocolInterface: BC62157E-3E33-4FEC-9920-2D3B36D750DF 1F289618
ProtectUefiImageCommon - 0x1F2892C0
  - 0x000000001FA2F000 - 0x0000000000009CC0
Error: Image at 0001FA2F000 start failed: Aborted
Loading driver 8C2487EA-9AF3-11E3-B966-B8AC6F7D65E6
InstallProtocolInterface: 5B1B31A1-9562-11D2-8E3F-00A0C969723B 1F2892C0
Loading driver at 0x0001FA33000 EntryPoint=0x0001FA33578 XenPvBlkDxe.efi
InstallProtocolInterface: BC62157E-3E33-4FEC-9920-2D3B36D750DF 1F289598
ProtectUefiImageCommon - 0x1F2892C0
  - 0x000000001FA33000 - 0x0000000000005680
InstallProtocolInterface: 18A031AB-B443-4D1A-A5C0-0C09261E9F71 1FA380D0
InstallProtocolInterface: 107A772C-D5E1-11D4-9A46-0090273FC14D 1FA38100
InstallProtocolInterface: 6A7A5CFF-E8D9-4F70-BADA-75AB3025CE14 1FA38118
Loading driver 51CCF399-4FDF-4E55-A45B-E123F84D456A
InstallProtocolInterface: 5B1B31A1-9562-11D2-8E3F-00A0C969723B 1F2880C0
Loading driver at 0x0001FA2E000 EntryPoint=0x0001FA2E4B8 ConPlatformDxe.efi
InstallProtocolInterface: BC62157E-3E33-4FEC-9920-2D3B36D750DF 1F288A18
ProtectUefiImageCommon - 0x1F2880C0
  - 0x000000001FA2E000 - 0x0000000000004A60
InstallProtocolInterface: 18A031AB-B443-4D1A-A5C0-0C09261E9F71 1FA32560
InstallProtocolInterface: 107A772C-D5E1-11D4-9A46-0090273FC14D 1FA325A8
InstallProtocolInterface: 6A7A5CFF-E8D9-4F70-BADA-75AB3025CE14 1FA32590
InstallProtocolInterface: 18A031AB-B443-4D1A-A5C0-0C09261E9F71 1FA32530
InstallProtocolInterface: 107A772C-D5E1-11D4-9A46-0090273FC14D 1FA325A8
InstallProtocolInterface: 6A7A5CFF-E8D9-4F70-BADA-75AB3025CE14 1FA32590
Loading driver 408EDCEC-CF6D-477C-A5A8-B4844E3DE281
InstallProtocolInterface: 5B1B31A1-9562-11D2-8E3F-00A0C969723B 1F27E040
Loading driver at 0x0001FA25000 EntryPoint=0x0001FA25498 ConSplitterDxe.efi
InstallProtocolInterface: BC62157E-3E33-4FEC-9920-2D3B36D750DF 1F288698
ProtectUefiImageCommon - 0x1F27E040
  - 0x000000001FA25000 - 0x0000000000008820
InstallProtocolInterface: 18A031AB-B443-4D1A-A5C0-0C09261E9F71 1FA2CAB8
InstallProtocolInterface: 107A772C-D5E1-11D4-9A46-0090273FC14D 1FA2CE78
InstallProtocolInterface: 6A7A5CFF-E8D9-4F70-BADA-75AB3025CE14 1FA2CDE8
InstallProtocolInterface: 18A031AB-B443-4D1A-A5C0-0C09261E9F71 1FA2CC60
InstallProtocolInterface: 107A772C-D5E1-11D4-9A46-0090273FC14D 1FA2CE48
InstallProtocolInterface: 6A7A5CFF-E8D9-4F70-BADA-75AB3025CE14 1FA2CE00
InstallProtocolInterface: 18A031AB-B443-4D1A-A5C0-0C09261E9F71 1FA2CC30
InstallProtocolInterface: 107A772C-D5E1-11D4-9A46-0090273FC14D 1FA2CDB8
InstallProtocolInterface: 6A7A5CFF-E8D9-4F70-BADA-75AB3025CE14 1FA2CE18
InstallProtocolInterface: 18A031AB-B443-4D1A-A5C0-0C09261E9F71 1FA2C900
InstallProtocolInterface: 107A772C-D5E1-11D4-9A46-0090273FC14D 1FA2CE30
InstallProtocolInterface: 6A7A5CFF-E8D9-4F70-BADA-75AB3025CE14 1FA2CDD0
InstallProtocolInterface: 18A031AB-B443-4D1A-A5C0-0C09261E9F71 1FA2CAE8
InstallProtocolInterface: 107A772C-D5E1-11D4-9A46-0090273FC14D 1FA2CE60
InstallProtocolInterface: 6A7A5CFF-E8D9-4F70-BADA-75AB3025CE14 1FA2CDA0
InstallProtocolInterface: 387477C1-69C7-11D2-8E39-00A0C969723B 1FA2C940
InstallProtocolInterface: DD9E7534-7762-4698-8C14-F58517A625AA 1FA2C970
InstallProtocolInterface: 31878C87-0B75-11D5-9A4F-0090273FC14D 1FA2C9E0
InstallProtocolInterface: 8D59D32B-C655-4AE9-9B15-F25904992A43 1FA2CA38
InstallProtocolInterface: 387477C2-69C7-11D2-8E39-00A0C969723B 1FA2CB30
InstallProtocolInterface: 387477C2-69C7-11D2-8E39-00A0C969723B 1FA2CCA0
Loading driver CCCB0C28-4B24-11D5-9A5A-0090273FC14D
InstallProtocolInterface: 5B1B31A1-9562-11D2-8E3F-00A0C969723B 1F285540
Loading driver at 0x0001FA1E000 EntryPoint=0x0001FA1E4B8 GraphicsConsoleDxe.efi
InstallProtocolInterface: BC62157E-3E33-4FEC-9920-2D3B36D750DF 1F285B18
ProtectUefiImageCommon - 0x1F285540
  - 0x000000001FA1E000 - 0x0000000000006BE0
InstallProtocolInterface: 18A031AB-B443-4D1A-A5C0-0C09261E9F71 1FA23060
InstallProtocolInterface: 107A772C-D5E1-11D4-9A46-0090273FC14D 1FA24688
InstallProtocolInterface: 6A7A5CFF-E8D9-4F70-BADA-75AB3025CE14 1FA24670
Loading driver 9E863906-A40F-4875-977F-5B93FF237FC6
InstallProtocolInterface: 5B1B31A1-9562-11D2-8E3F-00A0C969723B 1F2800C0
Loading driver at 0x0001EA88000 EntryPoint=0x0001EA884B8 TerminalDxe.efi
InstallProtocolInterface: BC62157E-3E33-4FEC-9920-2D3B36D750DF 1F280C18
ProtectUefiImageCommon - 0x1F2800C0
  - 0x000000001EA88000 - 0x0000000000008D60
InstallProtocolInterface: 18A031AB-B443-4D1A-A5C0-0C09261E9F71 1EA903B8
InstallProtocolInterface: 107A772C-D5E1-11D4-9A46-0090273FC14D 1EA90548
InstallProtocolInterface: 6A7A5CFF-E8D9-4F70-BADA-75AB3025CE14 1EA90530
Loading driver 6B38F7B4-AD98-40E9-9093-ACA2B5A253C4
InstallProtocolInterface: 5B1B31A1-9562-11D2-8E3F-00A0C969723B 1F280540
Loading driver at 0x0001EA82000 EntryPoint=0x0001EA82498 DiskIoDxe.efi
InstallProtocolInterface: BC62157E-3E33-4FEC-9920-2D3B36D750DF 1F284F98
ProtectUefiImageCommon - 0x1F280540
  - 0x000000001EA82000 - 0x00000000000055E0
InstallProtocolInterface: 18A031AB-B443-4D1A-A5C0-0C09261E9F71 1EA87000
InstallProtocolInterface: 107A772C-D5E1-11D4-9A46-0090273FC14D 1EA870B8
InstallProtocolInterface: 6A7A5CFF-E8D9-4F70-BADA-75AB3025CE14 1EA870D0
Loading driver 1FA1F39E-FEFF-4AAE-BD7B-38A070A3B609
InstallProtocolInterface: 5B1B31A1-9562-11D2-8E3F-00A0C969723B 1F284140
Loading driver at 0x0001EA7A000 EntryPoint=0x0001EA7A4B8 PartitionDxe.efi
InstallProtocolInterface: BC62157E-3E33-4FEC-9920-2D3B36D750DF 1F284398
ProtectUefiImageCommon - 0x1F284140
  - 0x000000001EA7A000 - 0x0000000000007260
InstallProtocolInterface: 18A031AB-B443-4D1A-A5C0-0C09261E9F71 1EA80B90
InstallProtocolInterface: 107A772C-D5E1-11D4-9A46-0090273FC14D 1EA80BF0
InstallProtocolInterface: 6A7A5CFF-E8D9-4F70-BADA-75AB3025CE14 1EA80BD8
Loading driver CD3BAFB6-50FB-4FE8-8E4E-AB74D2C1A600
InstallProtocolInterface: 5B1B31A1-9562-11D2-8E3F-00A0C969723B 1F284540
Loading driver at 0x0001FA1B000 EntryPoint=0x0001FA1B4A0 EnglishDxe.efi
InstallProtocolInterface: BC62157E-3E33-4FEC-9920-2D3B36D750DF 1F27FB18
ProtectUefiImageCommon - 0x1F284540
  - 0x000000001FA1B000 - 0x0000000000002B80
InstallProtocolInterface: 1D85CD7F-F43D-11D2-9A0C-0090273FC14D 1FA1D600
InstallProtocolInterface: A4C751FC-23AE-4C3E-92E9-4964CF63F349 1FA1D638
Loading driver 0167CCC4-D0F7-4F21-A3EF-9E64B7CDCE8B
InstallProtocolInterface: 5B1B31A1-9562-11D2-8E3F-00A0C969723B 1F27F140
Loading driver at 0x0001EA75000 EntryPoint=0x0001EA75498 ScsiBus.efi
InstallProtocolInterface: BC62157E-3E33-4FEC-9920-2D3B36D750DF 1F27F718
ProtectUefiImageCommon - 0x1F27F140
  - 0x000000001EA75000 - 0x0000000000004C60
InstallProtocolInterface: 18A031AB-B443-4D1A-A5C0-0C09261E9F71 1EA79750
InstallProtocolInterface: 107A772C-D5E1-11D4-9A46-0090273FC14D 1EA79780
InstallProtocolInterface: 6A7A5CFF-E8D9-4F70-BADA-75AB3025CE14 1EA79798
Loading driver 0A66E322-3740-4CCE-AD62-BD172CECCA35
InstallProtocolInterface: 5B1B31A1-9562-11D2-8E3F-00A0C969723B 1F283040
Loading driver at 0x0001EA69000 EntryPoint=0x0001EA69498 ScsiDisk.efi
InstallProtocolInterface: BC62157E-3E33-4FEC-9920-2D3B36D750DF 1F283D18
ProtectUefiImageCommon - 0x1F283040
  - 0x000000001EA69000 - 0x000000000000B960
InstallProtocolInterface: 18A031AB-B443-4D1A-A5C0-0C09261E9F71 1EA73F90
InstallProtocolInterface: 107A772C-D5E1-11D4-9A46-0090273FC14D 1EA74008
InstallProtocolInterface: 6A7A5CFF-E8D9-4F70-BADA-75AB3025CE14 1EA73FF0
Loading driver 021722D8-522B-4079-852A-FE44C2C13F49
InstallProtocolInterface: 5B1B31A1-9562-11D2-8E3F-00A0C969723B 1F283440
Loading driver at 0x0001EA65000 EntryPoint=0x0001EA65498 SataController.efi
InstallProtocolInterface: BC62157E-3E33-4FEC-9920-2D3B36D750DF 1F283C18
ProtectUefiImageCommon - 0x1F283440
  - 0x000000001EA65000 - 0x0000000000003F40
InstallProtocolInterface: 18A031AB-B443-4D1A-A5C0-0C09261E9F71 1EA68B20
InstallProtocolInterface: 107A772C-D5E1-11D4-9A46-0090273FC14D 1EA68B50
InstallProtocolInterface: 6A7A5CFF-E8D9-4F70-BADA-75AB3025CE14 1EA68B68
Loading driver 5E523CB4-D397-4986-87BD-A6DD8B22F455
InstallProtocolInterface: 5B1B31A1-9562-11D2-8E3F-00A0C969723B 1F282040
Loading driver at 0x0001EA59000 EntryPoint=0x0001EA594F4 AtaAtapiPassThruDxe.efi
InstallProtocolInterface: BC62157E-3E33-4FEC-9920-2D3B36D750DF 1F282E18
ProtectUefiImageCommon - 0x1F282040
  - 0x000000001EA59000 - 0x000000000000BDC0
InstallProtocolInterface: 18A031AB-B443-4D1A-A5C0-0C09261E9F71 1EA641F8
InstallProtocolInterface: 107A772C-D5E1-11D4-9A46-0090273FC14D 1EA64228
InstallProtocolInterface: 6A7A5CFF-E8D9-4F70-BADA-75AB3025CE14 1EA64240
Loading driver 19DF145A-B1D4-453F-8507-38816676D7F6
InstallProtocolInterface: 5B1B31A1-9562-11D2-8E3F-00A0C969723B 1F282440
Loading driver at 0x0001EA51000 EntryPoint=0x0001EA514D4 AtaBusDxe.efi
InstallProtocolInterface: BC62157E-3E33-4FEC-9920-2D3B36D750DF 1F282398
ProtectUefiImageCommon - 0x1F282440
  - 0x000000001EA51000 - 0x0000000000007520
InstallProtocolInterface: 18A031AB-B443-4D1A-A5C0-0C09261E9F71 1EA57B70
InstallProtocolInterface: 107A772C-D5E1-11D4-9A46-0090273FC14D 1EA57D98
InstallProtocolInterface: 6A7A5CFF-E8D9-4F70-BADA-75AB3025CE14 1EA57D80
Loading driver 5BE3BDF4-53CF-46A3-A6A9-73C34A6E5EE3
InstallProtocolInterface: 5B1B31A1-9562-11D2-8E3F-00A0C969723B 1F281B40
Loading driver at 0x0001EA46000 EntryPoint=0x0001EA465EC NvmExpressDxe.efi
InstallProtocolInterface: BC62157E-3E33-4FEC-9920-2D3B36D750DF 1F281E98
ProtectUefiImageCommon - 0x1F281B40
  - 0x000000001EA46000 - 0x000000000000A780
InstallProtocolInterface: 18A031AB-B443-4D1A-A5C0-0C09261E9F71 1EA4FE00
InstallProtocolInterface: 107A772C-D5E1-11D4-9A46-0090273FC14D 1EA4FE90
InstallProtocolInterface: 6A7A5CFF-E8D9-4F70-BADA-75AB3025CE14 1EA4FE78
InstallProtocolInterface: 5C198761-16A8-4E69-972C-89D67954F81D 1EA4FE40
Loading driver 864E1CA8-85EB-4D63-9DCC-6E0FC90FFD55
InstallProtocolInterface: 5B1B31A1-9562-11D2-8E3F-00A0C969723B 1F281240
Loading driver at 0x0001EA42000 EntryPoint=0x0001EA42498 SioBusDxe.efi
InstallProtocolInterface: BC62157E-3E33-4FEC-9920-2D3B36D750DF 1F281618
ProtectUefiImageCommon - 0x1F281240
  - 0x000000001EA42000 - 0x0000000000003E40
InstallProtocolInterface: 18A031AB-B443-4D1A-A5C0-0C09261E9F71 1EA459C0
InstallProtocolInterface: 107A772C-D5E1-11D4-9A46-0090273FC14D 1EA459F0
InstallProtocolInterface: 6A7A5CFF-E8D9-4F70-BADA-75AB3025CE14 1EA45A08
Loading driver E2775B47-D453-4EE3-ADA7-391A1B05AC17
InstallProtocolInterface: 5B1B31A1-9562-11D2-8E3F-00A0C969723B 1F27BCC0
Loading driver at 0x0001EA3A000 EntryPoint=0x0001EA3A498 PciSioSerialDxe.efi
InstallProtocolInterface: BC62157E-3E33-4FEC-9920-2D3B36D750DF 1F27B898
ProtectUefiImageCommon - 0x1F27BCC0
  - 0x000000001EA3A000 - 0x0000000000007040
InstallProtocolInterface: 18A031AB-B443-4D1A-A5C0-0C09261E9F71 1EA40880
InstallProtocolInterface: 107A772C-D5E1-11D4-9A46-0090273FC14D 1EA409D0
InstallProtocolInterface: 6A7A5CFF-E8D9-4F70-BADA-75AB3025CE14 1EA409B8
Loading driver C4D1F932-821F-4744-BF06-6D30F7730F8D
InstallProtocolInterface: 5B1B31A1-9562-11D2-8E3F-00A0C969723B 1F27B3C0
Loading driver at 0x0001EA33000 EntryPoint=0x0001EA334D4 Ps2KeyboardDxe.efi
InstallProtocolInterface: BC62157E-3E33-4FEC-9920-2D3B36D750DF 1F27B718
ProtectUefiImageCommon - 0x1F27B3C0
  - 0x000000001EA33000 - 0x0000000000006940
InstallProtocolInterface: 18A031AB-B443-4D1A-A5C0-0C09261E9F71 1EA38FD0
InstallProtocolInterface: 107A772C-D5E1-11D4-9A46-0090273FC14D 1EA392D0
InstallProtocolInterface: 6A7A5CFF-E8D9-4F70-BADA-75AB3025CE14 1EA392E8
Loading driver B8E62775-BB0A-43F0-A843-5BE8B14F8CCD
InstallProtocolInterface: 5B1B31A1-9562-11D2-8E3F-00A0C969723B 1F273140
Loading driver at 0x0001EA2F000 EntryPoint=0x0001EA2F498 BootGraphicsResourceTableDxe.efi
InstallProtocolInterface: BC62157E-3E33-4FEC-9920-2D3B36D750DF 1F273998
ProtectUefiImageCommon - 0x1F273140
  - 0x000000001EA2F000 - 0x0000000000003500
InstallProtocolInterface: CDEA2BD3-FC25-4C1C-B97C-B31186064990 1EA321B8
InstallProtocolInterface: 4B5DC1DF-1EAA-48B2-A7E9-EAC489A00B5C 1EA321A8
Loading driver 961578FE-B6B7-44C3-AF35-6BC705CD2B1F
InstallProtocolInterface: 5B1B31A1-9562-11D2-8E3F-00A0C969723B 1F27A040
Loading driver at 0x0001EA23000 EntryPoint=0x0001EA234C0 Fat.efi
InstallProtocolInterface: BC62157E-3E33-4FEC-9920-2D3B36D750DF 1F27AE98
ProtectUefiImageCommon - 0x1F27A040
  - 0x000000001EA23000 - 0x000000000000B4E0
InstallProtocolInterface: 18A031AB-B443-4D1A-A5C0-0C09261E9F71 1EA2D750
InstallProtocolInterface: 107A772C-D5E1-11D4-9A46-0090273FC14D 1EA2D798
InstallProtocolInterface: 6A7A5CFF-E8D9-4F70-BADA-75AB3025CE14 1EA2D780
Loading driver 905F13B0-8F91-4B0A-BD76-E1E78F9422E4
InstallProtocolInterface: 5B1B31A1-9562-11D2-8E3F-00A0C969723B 1F27A9C0
Loading driver at 0x0001EA1B000 EntryPoint=0x0001EA1B4B8 UdfDxe.efi
InstallProtocolInterface: BC62157E-3E33-4FEC-9920-2D3B36D750DF 1F27A918
ProtectUefiImageCommon - 0x1F27A9C0
  - 0x000000001EA1B000 - 0x00000000000071C0
InstallProtocolInterface: 18A031AB-B443-4D1A-A5C0-0C09261E9F71 1EA21A40
InstallProtocolInterface: 107A772C-D5E1-11D4-9A46-0090273FC14D 1EA21A70
InstallProtocolInterface: 6A7A5CFF-E8D9-4F70-BADA-75AB3025CE14 1EA21A88
Loading driver A2F436EA-A127-4EF8-957C-8048606FF670
InstallProtocolInterface: 5B1B31A1-9562-11D2-8E3F-00A0C969723B 1F279040
Loading driver at 0x0001EA13000 EntryPoint=0x0001EA1363C SnpDxe.efi
InstallProtocolInterface: BC62157E-3E33-4FEC-9920-2D3B36D750DF 1F279F18
ProtectUefiImageCommon - 0x1F279040
  - 0x000000001EA13000 - 0x0000000000007E80
InstallProtocolInterface: 18A031AB-B443-4D1A-A5C0-0C09261E9F71 1EA1A7A0
InstallProtocolInterface: 107A772C-D5E1-11D4-9A46-0090273FC14D 1EA1A7E8
InstallProtocolInterface: 6A7A5CFF-E8D9-4F70-BADA-75AB3025CE14 1EA1A7D0
Loading driver E4F61863-FE2C-4B56-A8F4-08519BC439DF
InstallProtocolInterface: 5B1B31A1-9562-11D2-8E3F-00A0C969723B 1F279440
Loading driver at 0x0001EA0B000 EntryPoint=0x0001EA0B65C VlanConfigDxe.efi
InstallProtocolInterface: BC62157E-3E33-4FEC-9920-2D3B36D750DF 1F279A18
ProtectUefiImageCommon - 0x1F279440
  - 0x000000001EA0B000 - 0x0000000000007B00
InstallProtocolInterface: 18A031AB-B443-4D1A-A5C0-0C09261E9F71 1EA12110
InstallProtocolInterface: 107A772C-D5E1-11D4-9A46-0090273FC14D 1EA12158
InstallProtocolInterface: 6A7A5CFF-E8D9-4F70-BADA-75AB3025CE14 1EA12140
Loading driver 025BBFC7-E6A9-4B8B-82AD-6815A1AEAF4A
InstallProtocolInterface: 5B1B31A1-9562-11D2-8E3F-00A0C969723B 1F278040
Loading driver at 0x0001E9FF000 EntryPoint=0x0001E9FF63C MnpDxe.efi
InstallProtocolInterface: BC62157E-3E33-4FEC-9920-2D3B36D750DF 1F278F18
ProtectUefiImageCommon - 0x1F278040
  - 0x000000001E9FF000 - 0x000000000000B6E0
InstallProtocolInterface: 18A031AB-B443-4D1A-A5C0-0C09261E9F71 1EA09B70
InstallProtocolInterface: 107A772C-D5E1-11D4-9A46-0090273FC14D 1EA09BA0
InstallProtocolInterface: 6A7A5CFF-E8D9-4F70-BADA-75AB3025CE14 1EA09BB8
Loading driver 529D3F93-E8E9-4E73-B1E1-BDF6A9D50113
InstallProtocolInterface: 5B1B31A1-9562-11D2-8E3F-00A0C969723B 1F278440
Loading driver at 0x0001E9F8000 EntryPoint=0x0001E9F863C ArpDxe.efi
InstallProtocolInterface: BC62157E-3E33-4FEC-9920-2D3B36D750DF 1F278998
ProtectUefiImageCommon - 0x1F278440
  - 0x000000001E9F8000 - 0x0000000000006DC0
InstallProtocolInterface: 18A031AB-B443-4D1A-A5C0-0C09261E9F71 1E9FE660
InstallProtocolInterface: 107A772C-D5E1-11D4-9A46-0090273FC14D 1E9FE6A8
InstallProtocolInterface: 6A7A5CFF-E8D9-4F70-BADA-75AB3025CE14 1E9FE690
Loading driver 94734718-0BBC-47FB-96A5-EE7A5AE6A2AD
InstallProtocolInterface: 5B1B31A1-9562-11D2-8E3F-00A0C969723B 1F277B40
Loading driver at 0x0001E9EC000 EntryPoint=0x0001E9EC63C Dhcp4Dxe.efi
InstallProtocolInterface: BC62157E-3E33-4FEC-9920-2D3B36D750DF 1F277A98
ProtectUefiImageCommon - 0x1F277B40
  - 0x000000001E9EC000 - 0x000000000000C000
InstallProtocolInterface: 18A031AB-B443-4D1A-A5C0-0C09261E9F71 1E9F6860
InstallProtocolInterface: 107A772C-D5E1-11D4-9A46-0090273FC14D 1E9F68B8
InstallProtocolInterface: 6A7A5CFF-E8D9-4F70-BADA-75AB3025CE14 1E9F68A0
Loading driver 9FB1A1F3-3B71-4324-B39A-745CBB015FFF
InstallProtocolInterface: 5B1B31A1-9562-11D2-8E3F-00A0C969723B 1F277240
Loading driver at 0x0001E9D6000 EntryPoint=0x0001E9D665C Ip4Dxe.efi
InstallProtocolInterface: BC62157E-3E33-4FEC-9920-2D3B36D750DF 1F277718
ProtectUefiImageCommon - 0x1F277240
  - 0x000000001E9D6000 - 0x00000000000152A0
InstallProtocolInterface: 18A031AB-B443-4D1A-A5C0-0C09261E9F71 1E9E9CD0
InstallProtocolInterface: 107A772C-D5E1-11D4-9A46-0090273FC14D 1E9E9D40
InstallProtocolInterface: 6A7A5CFF-E8D9-4F70-BADA-75AB3025CE14 1E9E9D58
Loading driver 6D6963AB-906D-4A65-A7CA-BD40E5D6AF2B
InstallProtocolInterface: 5B1B31A1-9562-11D2-8E3F-00A0C969723B 1F2761C0
Loading driver at 0x0001E9CB000 EntryPoint=0x0001E9CB63C Udp4Dxe.efi
InstallProtocolInterface: BC62157E-3E33-4FEC-9920-2D3B36D750DF 1F276A18
ProtectUefiImageCommon - 0x1F2761C0
  - 0x000000001E9CB000 - 0x000000000000A240
InstallProtocolInterface: 18A031AB-B443-4D1A-A5C0-0C09261E9F71 1E9D4760
InstallProtocolInterface: 107A772C-D5E1-11D4-9A46-0090273FC14D 1E9D47A8
InstallProtocolInterface: 6A7A5CFF-E8D9-4F70-BADA-75AB3025CE14 1E9D4790
Loading driver DC3641B8-2FA8-4ED3-BC1F-F9962A03454B
InstallProtocolInterface: 5B1B31A1-9562-11D2-8E3F-00A0C969723B 1F276640
Loading driver at 0x0001E9C0000 EntryPoint=0x0001E9C063C Mtftp4Dxe.efi
InstallProtocolInterface: BC62157E-3E33-4FEC-9920-2D3B36D750DF 1F275018
ProtectUefiImageCommon - 0x1F276640
  - 0x000000001E9C0000 - 0x000000000000A480
InstallProtocolInterface: 18A031AB-B443-4D1A-A5C0-0C09261E9F71 1E9C99A0
InstallProtocolInterface: 107A772C-D5E1-11D4-9A46-0090273FC14D 1E9C99E8
InstallProtocolInterface: 6A7A5CFF-E8D9-4F70-BADA-75AB3025CE14 1E9C99D0
Loading driver 1A7E4468-2F55-4A56-903C-01265EB7622B
InstallProtocolInterface: 5B1B31A1-9562-11D2-8E3F-00A0C969723B 1F2750C0
Loading driver at 0x0001E9AC000 EntryPoint=0x0001E9AC63C TcpDxe.efi
InstallProtocolInterface: BC62157E-3E33-4FEC-9920-2D3B36D750DF 1F275918
ProtectUefiImageCommon - 0x1F2750C0
  - 0x000000001E9AC000 - 0x00000000000134E0
InstallProtocolInterface: 18A031AB-B443-4D1A-A5C0-0C09261E9F71 1E9BE400
InstallProtocolInterface: 107A772C-D5E1-11D4-9A46-0090273FC14D 1E9BE458
InstallProtocolInterface: 6A7A5CFF-E8D9-4F70-BADA-75AB3025CE14 1E9BE470
InstallProtocolInterface: 18A031AB-B443-4D1A-A5C0-0C09261E9F71 1E9BE2C0
InstallProtocolInterface: 107A772C-D5E1-11D4-9A46-0090273FC14D 1E9BE458
InstallProtocolInterface: 6A7A5CFF-E8D9-4F70-BADA-75AB3025CE14 1E9BE470
Loading driver B95E9FDA-26DE-48D2-8807-1F9107AC5E3A
InstallProtocolInterface: 5B1B31A1-9562-11D2-8E3F-00A0C969723B 1F274CC0
Loading driver at 0x0001E999000 EntryPoint=0x0001E99963C UefiPxeBcDxe.efi
InstallProtocolInterface: BC62157E-3E33-4FEC-9920-2D3B36D750DF 1F274118
ProtectUefiImageCommon - 0x1F274CC0
  - 0x000000001E999000 - 0x00000000000120A0
InstallProtocolInterface: 18A031AB-B443-4D1A-A5C0-0C09261E9F71 1E9AA090
InstallProtocolInterface: 107A772C-D5E1-11D4-9A46-0090273FC14D 1E9AA168
InstallProtocolInterface: 6A7A5CFF-E8D9-4F70-BADA-75AB3025CE14 1E9AA150
InstallProtocolInterface: 18A031AB-B443-4D1A-A5C0-0C09261E9F71 1E9AA060
InstallProtocolInterface: 107A772C-D5E1-11D4-9A46-0090273FC14D 1E9AA168
InstallProtocolInterface: 6A7A5CFF-E8D9-4F70-BADA-75AB3025CE14 1E9AA150
Loading driver 86CDDF93-4872-4597-8AF9-A35AE4D3725F
InstallProtocolInterface: 5B1B31A1-9562-11D2-8E3F-00A0C969723B 1F274540
Loading driver at 0x0001E979000 EntryPoint=0x0001E97950C IScsiDxe.efi
InstallProtocolInterface: BC62157E-3E33-4FEC-9920-2D3B36D750DF 1F274798
ProtectUefiImageCommon - 0x1F274540
  - 0x000000001E979000 - 0x000000000001F240
InstallProtocolInterface: 18A031AB-B443-4D1A-A5C0-0C09261E9F71 1E996510
InstallProtocolInterface: 107A772C-D5E1-11D4-9A46-0090273FC14D 1E996558
InstallProtocolInterface: 6A7A5CFF-E8D9-4F70-BADA-75AB3025CE14 1E996540
InstallProtocolInterface: 18A031AB-B443-4D1A-A5C0-0C09261E9F71 1E9964D0
InstallProtocolInterface: 107A772C-D5E1-11D4-9A46-0090273FC14D 1E996558
InstallProtocolInterface: 6A7A5CFF-E8D9-4F70-BADA-75AB3025CE14 1E996540
InstallProtocolInterface: 59324945-EC44-4C0D-B1CD-9DB139DF070C 1E9965F0
InstallProtocolInterface: 09576E91-6D3F-11D2-8E39-00A0C969723B 1E996590
InstallProtocolInterface: 330D4706-F2A0-4E4F-A369-B66FA8D54385 1F272AA8
InstallProtocolInterface: 7671D9D0-53DB-4173-AA69-2327F21F0BC7 1E9965E0
Loading driver A92CDB4B-82F1-4E0B-A516-8A655D371524
InstallProtocolInterface: 5B1B31A1-9562-11D2-8E3F-00A0C969723B 1F26D740
Loading driver at 0x0001E972000 EntryPoint=0x0001E972498 VirtioNetDxe.efi
InstallProtocolInterface: BC62157E-3E33-4FEC-9920-2D3B36D750DF 1F26DA98
ProtectUefiImageCommon - 0x1F26D740
  - 0x000000001E972000 - 0x00000000000062E0
InstallProtocolInterface: 18A031AB-B443-4D1A-A5C0-0C09261E9F71 1E977D60
InstallProtocolInterface: 107A772C-D5E1-11D4-9A46-0090273FC14D 1E977D08
InstallProtocolInterface: 6A7A5CFF-E8D9-4F70-BADA-75AB3025CE14 1E977CF0
Loading driver 2FB92EFA-2EE0-4BAE-9EB6-7464125E1EF7
InstallProtocolInterface: 5B1B31A1-9562-11D2-8E3F-00A0C969723B 1F271040
Loading driver at 0x0001E969000 EntryPoint=0x0001E969498 UhciDxe.efi
InstallProtocolInterface: BC62157E-3E33-4FEC-9920-2D3B36D750DF 1F271B98
ProtectUefiImageCommon - 0x1F271040
  - 0x000000001E969000 - 0x0000000000008200
InstallProtocolInterface: 18A031AB-B443-4D1A-A5C0-0C09261E9F71 1E9709B0
InstallProtocolInterface: 107A772C-D5E1-11D4-9A46-0090273FC14D 1E9709F8
InstallProtocolInterface: 6A7A5CFF-E8D9-4F70-BADA-75AB3025CE14 1E9709E0
Loading driver BDFE430E-8F2A-4DB0-9991-6F856594777E
InstallProtocolInterface: 5B1B31A1-9562-11D2-8E3F-00A0C969723B 1F271D40
Loading driver at 0x0001E95F000 EntryPoint=0x0001E95F498 EhciDxe.efi
InstallProtocolInterface: BC62157E-3E33-4FEC-9920-2D3B36D750DF 1F271A98
ProtectUefiImageCommon - 0x1F271D40
  - 0x000000001E95F000 - 0x0000000000009940
InstallProtocolInterface: 18A031AB-B443-4D1A-A5C0-0C09261E9F71 1E968090
InstallProtocolInterface: 107A772C-D5E1-11D4-9A46-0090273FC14D 1E968108
InstallProtocolInterface: 6A7A5CFF-E8D9-4F70-BADA-75AB3025CE14 1E9680F0
Loading driver B7F50E91-A759-412C-ADE4-DCD03E7F7C28
InstallProtocolInterface: 5B1B31A1-9562-11D2-8E3F-00A0C969723B 1F270040
Loading driver at 0x0001E951000 EntryPoint=0x0001E951498 XhciDxe.efi
InstallProtocolInterface: BC62157E-3E33-4FEC-9920-2D3B36D750DF 1F271918
ProtectUefiImageCommon - 0x1F270040
  - 0x000000001E951000 - 0x000000000000DB80
InstallProtocolInterface: 18A031AB-B443-4D1A-A5C0-0C09261E9F71 1E95E018
InstallProtocolInterface: 107A772C-D5E1-11D4-9A46-0090273FC14D 1E95E178
InstallProtocolInterface: 6A7A5CFF-E8D9-4F70-BADA-75AB3025CE14 1E95E160
Loading driver 240612B7-A063-11D4-9A3A-0090273FC14D
InstallProtocolInterface: 5B1B31A1-9562-11D2-8E3F-00A0C969723B 1F270540
Loading driver at 0x0001E946000 EntryPoint=0x0001E9464B8 UsbBusDxe.efi
InstallProtocolInterface: BC62157E-3E33-4FEC-9920-2D3B36D750DF 1F270A18
ProtectUefiImageCommon - 0x1F270540
  - 0x000000001E946000 - 0x000000000000A540
InstallProtocolInterface: 18A031AB-B443-4D1A-A5C0-0C09261E9F71 1E94FAB8
InstallProtocolInterface: 107A772C-D5E1-11D4-9A46-0090273FC14D 1E94FB00
InstallProtocolInterface: 6A7A5CFF-E8D9-4F70-BADA-75AB3025CE14 1E94FAE8
Loading driver 2D2E62CF-9ECF-43B7-8219-94E7FC713DFE
InstallProtocolInterface: 5B1B31A1-9562-11D2-8E3F-00A0C969723B 1F2707C0
Loading driver at 0x0001E93E000 EntryPoint=0x0001E93E4B8 UsbKbDxe.efi
InstallProtocolInterface: BC62157E-3E33-4FEC-9920-2D3B36D750DF 1F25BC18
ProtectUefiImageCommon - 0x1F2707C0
  - 0x000000001E93E000 - 0x0000000000007440
InstallProtocolInterface: 18A031AB-B443-4D1A-A5C0-0C09261E9F71 1E944650
InstallProtocolInterface: 107A772C-D5E1-11D4-9A46-0090273FC14D 1E944D80
InstallProtocolInterface: 6A7A5CFF-E8D9-4F70-BADA-75AB3025CE14 1E944D68
Loading driver 9FB4B4A7-42C0-4BCD-8540-9BCC6711F83E
InstallProtocolInterface: 5B1B31A1-9562-11D2-8E3F-00A0C969723B 1F25B540
Loading driver at 0x0001E937000 EntryPoint=0x0001E937498 UsbMassStorageDxe.efi
InstallProtocolInterface: BC62157E-3E33-4FEC-9920-2D3B36D750DF 1F25B418
ProtectUefiImageCommon - 0x1F25B540
  - 0x000000001E937000 - 0x00000000000067A0
InstallProtocolInterface: 18A031AB-B443-4D1A-A5C0-0C09261E9F71 1E93D020
InstallProtocolInterface: 107A772C-D5E1-11D4-9A46-0090273FC14D 1E93D0F8
InstallProtocolInterface: 6A7A5CFF-E8D9-4F70-BADA-75AB3025CE14 1E93D0E0
Loading driver E3752948-B9A1-4770-90C4-DF41C38986BE
InstallProtocolInterface: 5B1B31A1-9562-11D2-8E3F-00A0C969723B 1F25FD40
Loading driver at 0x0001E92F000 EntryPoint=0x0001E92F4C4 QemuVideoDxe.efi
InstallProtocolInterface: BC62157E-3E33-4FEC-9920-2D3B36D750DF 1F25FC18
ProtectUefiImageCommon - 0x1F25FD40
  - 0x000000001E92F000 - 0x00000000000074C0
InstallProtocolInterface: 18A031AB-B443-4D1A-A5C0-0C09261E9F71 1E935A00
InstallProtocolInterface: 107A772C-D5E1-11D4-9A46-0090273FC14D 1E935E20
InstallProtocolInterface: 6A7A5CFF-E8D9-4F70-BADA-75AB3025CE14 1E935E08
Loading driver D6099B94-CD97-4CC5-8714-7F6312701A8A
InstallProtocolInterface: 5B1B31A1-9562-11D2-8E3F-00A0C969723B 1F25F2C0
Loading driver at 0x0001E928000 EntryPoint=0x0001E9284B8 VirtioGpuDxe.efi
InstallProtocolInterface: BC62157E-3E33-4FEC-9920-2D3B36D750DF 1F25FA98
ProtectUefiImageCommon - 0x1F25F2C0
  - 0x000000001E928000 - 0x00000000000064A0
InstallProtocolInterface: 18A031AB-B443-4D1A-A5C0-0C09261E9F71 1E92DF00
InstallProtocolInterface: 6A7A5CFF-E8D9-4F70-BADA-75AB3025CE14 1E92CA98
[Bds] Entry...
[BdsDxe] Locate Variable Lock protocol - Success
[Variable] Lock: 8BE4DF61-93CA-11D2-AA0D-00E098032B8C:PlatformLangCodes Success
[Variable] Lock: 8BE4DF61-93CA-11D2-AA0D-00E098032B8C:LangCodes Success
[Variable] Lock: 8BE4DF61-93CA-11D2-AA0D-00E098032B8C:BootOptionSupport Success
[Variable] Lock: 8BE4DF61-93CA-11D2-AA0D-00E098032B8C:HwErrRecSupport Success
[Variable] Lock: 8BE4DF61-93CA-11D2-AA0D-00E098032B8C:OsIndicationsSupported Success
Variable Driver Auto Update Lang, Lang:eng, PlatformLang:en Status: Success
[Variable] Lock: 8BE4DF61-93CA-11D2-AA0D-00E098032B8C:PlatformRecovery0000 Success
PlatformBootManagerBeforeConsole
Registered NotifyDevPath Event
PCI Bus First Scanning
PciBus: Discovered PCI @ [00|00|00]

PciBus: Discovered PCI @ [00|01|00]

PciBus: Discovered PCI @ [00|01|01]
   BAR[4]: Type =   Io32; Alignment = 0xF;	Length = 0x10;	Offset = 0x20

PciBus: Discovered PCI @ [00|01|03]

PciBus: Discovered PCI @ [00|02|00]
   BAR[0]: Type = PMem32; Alignment = 0xFFFFFF;	Length = 0x1000000;	Offset = 0x10
   BAR[2]: Type =  Mem32; Alignment = 0xFFF;	Length = 0x1000;	Offset = 0x18

PCI Bus Second Scanning
PciBus: Discovered PCI @ [00|00|00]

PciBus: Discovered PCI @ [00|01|00]

PciBus: Discovered PCI @ [00|01|01]
   BAR[4]: Type =   Io32; Alignment = 0xF;	Length = 0x10;	Offset = 0x20

PciBus: Discovered PCI @ [00|01|03]

PciBus: Discovered PCI @ [00|02|00]
   BAR[0]: Type = PMem32; Alignment = 0xFFFFFF;	Length = 0x1000000;	Offset = 0x10
   BAR[2]: Type =  Mem32; Alignment = 0xFFF;	Length = 0x1000;	Offset = 0x18

PciBus: Discovered PCI @ [00|00|00]

PciBus: Discovered PCI @ [00|01|00]

PciBus: Discovered PCI @ [00|01|01]
   BAR[4]: Type =   Io32; Alignment = 0xF;	Length = 0x10;	Offset = 0x20

PciBus: Discovered PCI @ [00|01|03]

PciBus: Discovered PCI @ [00|02|00]
   BAR[0]: Type = PMem32; Alignment = 0xFFFFFF;	Length = 0x1000000;	Offset = 0x10
   BAR[2]: Type =  Mem32; Alignment = 0xFFF;	Length = 0x1000;	Offset = 0x18

PciHostBridge: SubmitResources for PciRoot(0x0)
 I/O: Granularity/SpecificFlag = 0 / 01
      Length/Alignment = 0x1000 / 0xFFF
 Mem: Granularity/SpecificFlag = 32 / 00
      Length/Alignment = 0x1100000 / 0xFFFFFF
PciBus: HostBridge->SubmitResources() - Success
PciHostBridge: NotifyPhase (AllocateResources)
 RootBridge: PciRoot(0x0)
  Mem: Base/Length/Alignment = 80000000/1100000/FFFFFF - Success
  I/O: Base/Length/Alignment = C000/1000/FFF - Success
PciBus: HostBridge->NotifyPhase(AllocateResources) - Success
Process Option ROM: BAR Base/Length = 81000000/10000
PciBus: Resource Map for Root Bridge PciRoot(0x0)
Type =   Io16; Base = 0xC000;	Length = 0x1000;	Alignment = 0xFFF
   Base = 0xC000;	Length = 0x10;	Alignment = 0xF;	Owner = PCI [00|01|01:20]
Type =  Mem32; Base = 0x80000000;	Length = 0x1100000;	Alignment = 0xFFFFFF
   Base = 0x80000000;	Length = 0x1000000;	Alignment = 0xFFFFFF;	Owner = PCI [00|02|00:10]; Type = PMem32
   Base = 0x81000000;	Length = 0x10000;	Alignment = 0xFFFF;	Owner = PCI [00|00|00:00]; Type =  OpRom
   Base = 0x81010000;	Length = 0x1000;	Alignment = 0xFFF;	Owner = PCI [00|02|00:18]

InstallProtocolInterface: 09576E91-6D3F-11D2-8E39-00A0C969723B 1F266F98
InstallProtocolInterface: 4CF5B200-68B8-4CA5-9EEC-B23E3F50029A 1F266B28
InstallProtocolInterface: 09576E91-6D3F-11D2-8E39-00A0C969723B 1F266498
InstallProtocolInterface: 4CF5B200-68B8-4CA5-9EEC-B23E3F50029A 1F2660A8
InstallProtocolInterface: 09576E91-6D3F-11D2-8E39-00A0C969723B 1F266A98
InstallProtocolInterface: 4CF5B200-68B8-4CA5-9EEC-B23E3F50029A 1F266528
InstallProtocolInterface: 09576E91-6D3F-11D2-8E39-00A0C969723B 1F265E98
InstallProtocolInterface: 4CF5B200-68B8-4CA5-9EEC-B23E3F50029A 1F265028
InstallProtocolInterface: 09576E91-6D3F-11D2-8E39-00A0C969723B 1F265F18
InstallProtocolInterface: 4CF5B200-68B8-4CA5-9EEC-B23E3F50029A 1F265428
InstallProtocolInterface: 30CFE3E7-3DE1-4586-BE20-DEABA1B3B793 0
OnRootBridgesConnected: root bridges have been connected, installing ACPI tables
Select Item: 0x19
Select Item: 0x28
Select Item: 0x19
Select Item: 0x27
Select Item: 0x19
Select Item: 0x21
Select Item: 0x19
Select Item: 0x22
InstallQemuFwCfgTables: installed 5 tables
PcRtc: Write 0x20 to CMOS location 0x32
AcpiS3ContextSave!
AcpiS3Context: AcpiFacsTable is 0x1FBFD000
AcpiS3Context: IdtrProfile is 0x1FBF0000
AcpiS3Context: S3NvsPageTableAddress is 0x       0
AcpiS3Context: S3DebugBufferAddress is 0x1E91F000
AcpiS3Context: BootScriptStackBase is 0x1E920000
AcpiS3Context: BootScriptStackSize is 0x    8000
[Variable]END_OF_DXE is signaled
Initialize variable error flag (FF)
Select Item: 0x19
Select Item: 0x27
InstallProtocolInterface: 60FF8964-E906-41D0-AFED-F241E974E08E 0
InstallProtocolInterface: FA20568B-548B-4B2B-81EF-1BA08D4A3CEC 0
Select Item: 0x0
FW CFG Signature: 0x554D4551
Select Item: 0x1
FW CFG Revision: 0x3
QemuFwCfg interface (DMA) is supported.
Select Item: 0x19
Select Item: 0x27
Found LPC Bridge device
BdsPlatform.c+596: COM1 DevPath: PciRoot(0x0)/Pci(0x1,0x0)/Serial(0x0)/Uart(115200,8,N,1)/VenMsg(E0C14753-F9BE-11D2-9A0C-0090273FC14D)
BdsPlatform.c+628: COM2 DevPath: PciRoot(0x0)/Pci(0x1,0x0)/Serial(0x1)/Uart(115200,8,N,1)/VenMsg(E0C14753-F9BE-11D2-9A0C-0090273FC14D)
Found PCI display device
QemuVideo: QEMU Standard VGA detected
QemuVideo: Using mmio bar @ 0x81010000
InstallProtocolInterface: 09576E91-6D3F-11D2-8E39-00A0C969723B 1F263E18
QemuVideoBochsModeSetup: AvailableFbSize=0x1000000
Adding Mode 0 as Bochs Internal Mode 0: 640x480, 32-bit
Adding Mode 1 as Bochs Internal Mode 1: 800x480, 32-bit
Adding Mode 2 as Bochs Internal Mode 2: 800x600, 32-bit
Adding Mode 3 as Bochs Internal Mode 3: 832x624, 32-bit
Adding Mode 4 as Bochs Internal Mode 4: 960x640, 32-bit
Adding Mode 5 as Bochs Internal Mode 5: 1024x600, 32-bit
Adding Mode 6 as Bochs Internal Mode 6: 1024x768, 32-bit
Adding Mode 7 as Bochs Internal Mode 7: 1152x864, 32-bit
Adding Mode 8 as Bochs Internal Mode 8: 1152x870, 32-bit
Adding Mode 9 as Bochs Internal Mode 9: 1280x720, 32-bit
Adding Mode 10 as Bochs Internal Mode 10: 1280x760, 32-bit
Adding Mode 11 as Bochs Internal Mode 11: 1280x768, 32-bit
Adding Mode 12 as Bochs Internal Mode 12: 1280x800, 32-bit
Adding Mode 13 as Bochs Internal Mode 13: 1280x960, 32-bit
Adding Mode 14 as Bochs Internal Mode 14: 1280x1024, 32-bit
Adding Mode 15 as Bochs Internal Mode 15: 1360x768, 32-bit
Adding Mode 16 as Bochs Internal Mode 16: 1366x768, 32-bit
Adding Mode 17 as Bochs Internal Mode 17: 1400x1050, 32-bit
Adding Mode 18 as Bochs Internal Mode 18: 1440x900, 32-bit
Adding Mode 19 as Bochs Internal Mode 19: 1600x900, 32-bit
Adding Mode 20 as Bochs Internal Mode 20: 1600x1200, 32-bit
Adding Mode 21 as Bochs Internal Mode 21: 1680x1050, 32-bit
Adding Mode 22 as Bochs Internal Mode 22: 1920x1080, 32-bit
Adding Mode 23 as Bochs Internal Mode 23: 1920x1200, 32-bit
Adding Mode 24 as Bochs Internal Mode 24: 1920x1440, 32-bit
Adding Mode 25 as Bochs Internal Mode 25: 2000x2000, 32-bit
Adding Mode 26 as Bochs Internal Mode 26: 2048x1536, 32-bit
Adding Mode 27 as Bochs Internal Mode 27: 2048x2048, 32-bit
Adding Mode 28 as Bochs Internal Mode 28: 2560x1440, 32-bit
Adding Mode 29 as Bochs Internal Mode 29: 2560x1600, 32-bit
InitializeBochsGraphicsMode: 640x480 @ 32
PixelBlueGreenRedReserved8BitPerColor
FrameBufferBase: 0x80000000, FrameBufferSize: 0x12C000
0: shl:0 shr:0 mask:FF0000
1: shl:0 shr:0 mask:FF00
2: shl:0 shr:0 mask:FF
Bytes per pixel: 4
0: shl:0 shr:0 mask:FF0000
1: shl:0 shr:0 mask:FF00
2: shl:0 shr:0 mask:FF
Bytes per pixel: 4
InstallProtocolInterface: 9042A9DE-23DC-4A38-96FB-7ADED080516A 1F25E538
InstallVbeShim: VBE shim installed
PixelBlueGreenRedReserved8BitPerColor
PixelBlueGreenRedReserved8BitPerColor
PixelBlueGreenRedReserved8BitPerColor
PixelBlueGreenRedReserved8BitPerColor
PixelBlueGreenRedReserved8BitPerColor
PixelBlueGreenRedReserved8BitPerColor
PixelBlueGreenRedReserved8BitPerColor
PixelBlueGreenRedReserved8BitPerColor
PixelBlueGreenRedReserved8BitPerColor
PixelBlueGreenRedReserved8BitPerColor
PixelBlueGreenRedReserved8BitPerColor
PixelBlueGreenRedReserved8BitPerColor
PixelBlueGreenRedReserved8BitPerColor
PixelBlueGreenRedReserved8BitPerColor
PixelBlueGreenRedReserved8BitPerColor
PixelBlueGreenRedReserved8BitPerColor
PixelBlueGreenRedReserved8BitPerColor
PixelBlueGreenRedReserved8BitPerColor
PixelBlueGreenRedReserved8BitPerColor
PixelBlueGreenRedReserved8BitPerColor
PixelBlueGreenRedReserved8BitPerColor
PixelBlueGreenRedReserved8BitPerColor
PixelBlueGreenRedReserved8BitPerColor
PixelBlueGreenRedReserved8BitPerColor
PixelBlueGreenRedReserved8BitPerColor
PixelBlueGreenRedReserved8BitPerColor
PixelBlueGreenRedReserved8BitPerColor
PixelBlueGreenRedReserved8BitPerColor
PixelBlueGreenRedReserved8BitPerColor
PixelBlueGreenRedReserved8BitPerColor
Select Item: 0xE
[Bds]RegisterKeyNotify: 000C/0000 80000000/00 Success
[Bds]RegisterKeyNotify: 0017/0000 80000000/00 Success
[Bds]RegisterKeyNotify: 0000/000D 80000000/00 Success
InstallProtocolInterface: 864E1CA8-85EB-4D63-9DCC-6E0FC90FFD55 1F28ED98
InstallProtocolInterface: 09576E91-6D3F-11D2-8E39-00A0C969723B 1F262298
InstallProtocolInterface: 215FDD18-BD50-4FEB-890B-58CA0B4739E9 1F2625B8
InstallProtocolInterface: 09576E91-6D3F-11D2-8E39-00A0C969723B 1F261E18
InstallProtocolInterface: 215FDD18-BD50-4FEB-890B-58CA0B4739E9 1F261F38
InstallProtocolInterface: 09576E91-6D3F-11D2-8E39-00A0C969723B 1F261A98
InstallProtocolInterface: 215FDD18-BD50-4FEB-890B-58CA0B4739E9 1F261A38
ClockRate = 1843200
Divisor   = 1
BaudRate/Actual (115200/115200) = 100%
ClockRate = 1843200
Divisor   = 1
BaudRate/Actual (115200/115200) = 100%
InstallProtocolInterface: 09576E91-6D3F-11D2-8E39-00A0C969723B 1F261218
InstallProtocolInterface: BB25CF6F-F1D4-11D2-9A0C-0090273FC1FD 1F2614A8
PciSioSerial: Create SIO child serial device - Success
ClockRate = 1843200
Divisor   = 1
BaudRate/Actual (115200/115200) = 100%
Terminal - Mode 0, Column = 80, Row = 25
Terminal - Mode 1, Column = 80, Row = 50
Terminal - Mode 2, Column = 100, Row = 31
ClockRate = 1843200
Divisor   = 1
BaudRate/Actual (115200/115200) = 100%
InstallProtocolInterface: 387477C1-69C7-11D2-8E39-00A0C969723B 1F25D6C0
InstallProtocolInterface: DD9E7534-7762-4698-8C14-F58517A625AA 1F25D7A8
InstallProtocolInterface: 387477C2-69C7-11D2-8E39-00A0C969723B 1F25D6D8
InstallProtocolInterface: 09576E91-6D3F-11D2-8E39-00A0C969723B 1F25D598
InstallProtocolInterface: D3B36F2B-D551-11D4-9A46-0090273FC14D 0
InstallProtocolInterface: D3B36F2C-D551-11D4-9A46-0090273FC14D 0
InstallProtocolInterface: D3B36F2D-D551-11D4-9A46-0090273FC14D 0
ClockRate = 1843200
Divisor   = 1
BaudRate/Actual (115200/115200) = 100%
PciSioSerial: Create SIO child serial device - Device Error
PixelBlueGreenRedReserved8BitPerColor
PixelBlueGreenRedReserved8BitPerColor
PixelBlueGreenRedReserved8BitPerColor
InitializeBochsGraphicsMode: 800x600 @ 32
PixelBlueGreenRedReserved8BitPerColor
FrameBufferBase: 0x80000000, FrameBufferSize: 0x1D5000
0: shl:0 shr:0 mask:FF0000
1: shl:0 shr:0 mask:FF00
2: shl:0 shr:0 mask:FF
Bytes per pixel: 4
0: shl:0 shr:0 mask:FF0000
1: shl:0 shr:0 mask:FF00
2: shl:0 shr:0 mask:FF
Bytes per pixel: 4
GraphicsConsole video resolution 800 x 600
Graphics - Mode 0, Column = 80, Row = 25
Graphics - Mode 1, Column = 0, Row = 0
Graphics - Mode 2, Column = 100, Row = 31
Graphics Console Started, Mode: 0
InstallProtocolInterface: 387477C2-69C7-11D2-8E39-00A0C969723B 1F22B1B0
InstallProtocolInterface: D3B36F2C-D551-11D4-9A46-0090273FC14D 0
PixelBlueGreenRedReserved8BitPerColor
PixelBlueGreenRedReserved8BitPerColor
PixelBlueGreenRedReserved8BitPerColor
PixelBlueGreenRedReserved8BitPerColor
PixelBlueGreenRedReserved8BitPerColor
PixelBlueGreenRedReserved8BitPerColor
PixelBlueGreenRedReserved8BitPerColor
PixelBlueGreenRedReserved8BitPerColor
PixelBlueGreenRedReserved8BitPerColor
PixelBlueGreenRedReserved8BitPerColor
PixelBlueGreenRedReserved8BitPerColor
PixelBlueGreenRedReserved8BitPerColor
PixelBlueGreenRedReserved8BitPerColor
PixelBlueGreenRedReserved8BitPerColor
PixelBlueGreenRedReserved8BitPerColor
PixelBlueGreenRedReserved8BitPerColor
PixelBlueGreenRedReserved8BitPerColor
PixelBlueGreenRedReserved8BitPerColor
PixelBlueGreenRedReserved8BitPerColor
PixelBlueGreenRedReserved8BitPerColor
PixelBlueGreenRedReserved8BitPerColor
PixelBlueGreenRedReserved8BitPerColor
PixelBlueGreenRedReserved8BitPerColor
PixelBlueGreenRedReserved8BitPerColor
PixelBlueGreenRedReserved8BitPerColor
PixelBlueGreenRedReserved8BitPerColor
PixelBlueGreenRedReserved8BitPerColor
PixelBlueGreenRedReserved8BitPerColor
PixelBlueGreenRedReserved8BitPerColor
PixelBlueGreenRedReserved8BitPerColor
InstallProtocolInterface: 9042A9DE-23DC-4A38-96FB-7ADED080516A 1FA2CBC0
InstallProtocolInterface: 387477C1-69C7-11D2-8E39-00A0C969723B 1F223028
InstallProtocolInterface: DD9E7534-7762-4698-8C14-F58517A625AA 1F223040
InstallProtocolInterface: D3B36F2B-D551-11D4-9A46-0090273FC14D 0
ClockRate = 1843200
Divisor   = 1
BaudRate/Actual (115200/115200) = 100%
PciSioSerial: Create SIO child serial device - Device Error
ClockRate = 1843200
Divisor   = 1
BaudRate/Actual (115200/115200) = 100%
PciSioSerial: Create SIO child serial device - Device Error
PlatformBootManagerAfterConsole
Found Mass Storage device: PciRoot(0x0)/Pci(0x1,0x1)
SataControllerStart START
InstallProtocolInterface: A1E37052-80D9-4E65-A317-3E9A55C43EC9 1F2220A0
SataControllerStart END status = Success
==AtaAtapiPassThru Start== Controller = 1F265D98
[primary  ] channel [master] [harddisk] device
Enabled S.M.A.R.T feature at [primary] channel [master] device!
CalculateBestPioMode: AdvancedPioMode = 3
IdeInitCalculateMode: PioMode = 4
CalculateBestUdmaMode: DeviceUDmaMode = 203F
IdeInitCalculateMode: UdmaMode = 5
[secondary] channel [master] [cdrom   ] device
CalculateBestPioMode: AdvancedPioMode = 3
IdeInitCalculateMode: PioMode = 3
CalculateBestUdmaMode: DeviceUDmaMode = 203F
IdeInitCalculateMode: UdmaMode = 5
InstallProtocolInterface: 1D3DE7F0-0807-424F-AA69-11A54E19A46F 1F222340
InstallProtocolInterface: 143B7632-B81B-4CB7-ABD3-B625A5B9BFFE 1F222390
InstallProtocolInterface: 19DF145A-B1D4-453F-8507-38816676D7F6 1F226618
AtaBus - Identify Device: Port 0 PortMultiplierPort 0
InstallProtocolInterface: 09576E91-6D3F-11D2-8E39-00A0C969723B 1F220D98
InstallProtocolInterface: 964E5B21-6459-11D2-8E39-00A0C969723B 1F2202A8
InstallProtocolInterface: A77B2472-E282-4E9F-A245-C2C0E27BBCC1 1F2202D8
InstallProtocolInterface: D432A67F-14DC-484B-B3BB-3F0291849327 1F220330
Found TCG support in Port 0 PortMultiplierPort 0
InstallProtocolInterface: C88B0B6D-0DFC-49A7-9CB4-49074B4C3A78 1F220368
Successfully Install Storage Security Protocol on the ATA device
InstallProtocolInterface: 0167CCC4-D0F7-4F21-A3EF-9E64B7CDCE8B 1F21DB20
InstallProtocolInterface: 09576E91-6D3F-11D2-8E39-00A0C969723B 1F21DC18
InstallProtocolInterface: 932F47E6-2362-4002-803E-3CD54B138F85 1F21DCA8
InstallProtocolInterface: 964E5B21-6459-11D2-8E39-00A0C969723B 1F21D438
InstallProtocolInterface: A77B2472-E282-4E9F-A245-C2C0E27BBCC1 1F21D468
InstallProtocolInterface: D432A67F-14DC-484B-B3BB-3F0291849327 1F21D560
InstallProtocolInterface: CE345171-BA0B-11D2-8E4F-00A0C969723B 1F21C0A0
InstallProtocolInterface: 151C8EAE-7F2C-472C-9E54-9828194F6A88 1F21C0B8
 BlockSize : 2048 
 LastBlock : 0 
FatOpenDevice: read of part_lba failed No Media
InstallProtocolInterface: CE345171-BA0B-11D2-8E4F-00A0C969723B 1F21C3A0
InstallProtocolInterface: 151C8EAE-7F2C-472C-9E54-9828194F6A88 1F21C3B8
 BlockSize : 512 
 LastBlock : FBFFF 
InstallProtocolInterface: 09576E91-6D3F-11D2-8E39-00A0C969723B 1F21BF18
InstallProtocolInterface: 964E5B21-6459-11D2-8E39-00A0C969723B 1F21B530
InstallProtocolInterface: A77B2472-E282-4E9F-A245-C2C0E27BBCC1 1F21B560
InstallProtocolInterface: 8CF2F62C-BC9B-4821-808D-EC9EC421A1A0 1F21B5E8
InstallProtocolInterface: CE345171-BA0B-11D2-8E4F-00A0C969723B 1F21B8A0
InstallProtocolInterface: 151C8EAE-7F2C-472C-9E54-9828194F6A88 1F21B8B8
 BlockSize : 512 
 LastBlock : FBFC0 
InstallProtocolInterface: 964E5B22-6459-11D2-8E39-00A0C969723B 1F209030
Installed Fat filesystem on 1F21BB98
FsAccess.c: LoadNvVarsFromFs
FSOpen: Open 'NvVars' Success
FsAccess.c: Read 10413 bytes from NV Variables file
Variable Driver Auto Update PlatformLang, PlatformLang:en, Lang:eng Status: Success
Variable Driver Auto Update Lang, Lang:eng, PlatformLang:en Status: Success
Variable Check ReadOnly variable fail Write Protected - 04B37FE8-F6AE-480B-BDD5-37D98C5E89AA:VarErrorFlag
IterateVariablesCallbackSetSystemVariable: setting ReadOnly variable "VarErrorFlag" failed with EFI_WRITE_PROTECTED, ignoring
FsAccess.c: Read NV Variables file (size=1)
FSOpen: Open 'NvVars' Success
Saved NV Variables to NvVars file
EmuVariablesUpdatedCallback
FSOpen: Open 'NvVars' Success
Saved NV Variables to NvVars file
Boot Mode:0
Select Item: 0x8
Select Item: 0x17
qemu -kernel was not used.
PlatformBdsConnectSequence
Select Item: 0x19
EfiBootManagerConnectAll
ClockRate = 1843200
Divisor   = 1
BaudRate/Actual (115200/115200) = 100%
PciSioSerial: Create SIO child serial device - Device Error
SataControllerStart START
SataControllerStart error return status = Already started
 BlockSize : 2048 
 LastBlock : 0 
FatOpenDevice: read of part_lba failed No Media
 BlockSize : 512 
 LastBlock : FBFFF 
ClockRate = 1843200
Divisor   = 1
BaudRate/Actual (115200/115200) = 100%
PciSioSerial: Create SIO child serial device - Device Error
SataControllerStart START
SataControllerStart error return status = Already started
 BlockSize : 2048 
 LastBlock : 0 
FatOpenDevice: read of part_lba failed No Media
 BlockSize : 512 
 LastBlock : FBFFF 
ClockRate = 1843200
Divisor   = 1
BaudRate/Actual (115200/115200) = 100%
PciSioSerial: Create SIO child serial device - Device Error
 BlockSize : 512 
 LastBlock : FBFFF 
 BlockSize : 2048 
 LastBlock : 0 
FatOpenDevice: read of part_lba failed No Media
Select Item: 0x19
[Bds]OsIndication: 0000000000000000
[Bds]=============Begin Load Options Dumping ...=============
  Driver Options:
  SysPrep Options:
  Boot Options:
    Boot0000: UiApp 		 0x0109
    Boot0001: UEFI QEMU DVD-ROM QM00003  		 0x0001
    Boot0002: UEFI QEMU HARDDISK QM00001  		 0x0001
    Boot0003: EFI Internal Shell 		 0x0001
  PlatformRecovery Options:
    PlatformRecovery0000: Default PlatformRecovery 		 0x0001
[Bds]=============End Load Options Dumping=============
[Bds]BdsWait ...Zzzzzzzzzzzz...
[Bds]Exit the waiting!
[Bds]Stop Hotkey Service!
[Bds]UnregisterKeyNotify: 000C/0000 Success
[Bds]UnregisterKeyNotify: 0017/0000 Success
[Bds]UnregisterKeyNotify: 0000/000D Success
Memory  Previous  Current    Next   
 Type    Pages     Pages     Pages  
======  ========  ========  ========
  0A    00000004  00000022  0000002A
  09    00000008  00000008  00000008
  00    00000004  00000021  00000029
  06    00000024  00000092  000000B6
  05    00000030  0000002F  00000030
  03    00000180  000002E9  000003A3
  04    00000F00  00000FBC  000013AB
EmuVariablesUpdatedCallback
FSOpen: Open 'NvVars' Success
Saved NV Variables to NvVars file
Memory Type Information settings change.
[Bds]Booting UEFI QEMU DVD-ROM QM00003 
FatOpenDevice: read of part_lba failed No Media
 BlockSize : 2048 
 LastBlock : 0 
FatOpenDevice: read of part_lba failed No Media
[Bds] Expand PciRoot(0x0)/Pci(0x1,0x1)/Ata(Secondary,Master,0x0) -> <null string>
Memory  Previous  Current    Next   
 Type    Pages     Pages     Pages  
======  ========  ========  ========
  0A    00000004  00000022  0000002A
  09    00000008  00000008  00000008
  00    00000004  00000021  00000029
  06    00000024  00000092  000000B6
  05    00000030  0000002F  00000030
  03    00000180  000002E9  000003A3
  04    00000F00  00000FC5  000013B6
EmuVariablesUpdatedCallback
FSOpen: Open 'NvVars' Success
Saved NV Variables to NvVars file
Memory Type Information settings change.
[Bds]Booting UEFI QEMU HARDDISK QM00001 
 BlockSize : 512 
 LastBlock : FBFFF 
 BlockSize : 512 
 LastBlock : FBFFF 
[Bds] Expand PciRoot(0x0)/Pci(0x1,0x1)/Ata(Primary,Master,0x0) -> <null string>
Memory  Previous  Current    Next   
 Type    Pages     Pages     Pages  
======  ========  ========  ========
  0A    00000004  00000022  0000002A
  09    00000008  00000008  00000008
  00    00000004  00000021  00000029
  06    00000024  00000092  000000B6
  05    00000030  0000002F  00000030
  03    00000180  000002E9  000003A3
  04    00000F00  00000FD4  000013C9
EmuVariablesUpdatedCallback
FSOpen: Open 'NvVars' Success
Saved NV Variables to NvVars file
Memory Type Information settings change.
[Bds]Booting EFI Internal Shell
[Bds] Expand Fv(7CB8BDC9-F8EB-4F34-AAEA-3EE4AF6516A1)/FvFile(7C04A583-9E3E-4F1C-AD65-E05268D0B4D1) -> Fv(7CB8BDC9-F8EB-4F34-AAEA-3EE4AF6516A1)/FvFile(7C04A583-9E3E-4F1C-AD65-E05268D0B4D1)
InstallProtocolInterface: 5B1B31A1-9562-11D2-8E3F-00A0C969723B 1EB53040
Loading driver at 0x0001E652000 EntryPoint=0x0001E6524D8 Shell.efi
InstallProtocolInterface: BC62157E-3E33-4FEC-9920-2D3B36D750DF 1F222B98
ProtectUefiImageCommon - 0x1EB53040
  - 0x000000001E652000 - 0x00000000000E14A0
InstallProtocolInterface: 387477C2-69C7-11D2-8E39-00A0C969723B 1EB35220
InstallProtocolInterface: 752F3136-4E16-4FDC-A22A-E5F46812F4CA 1EB34D98
InstallProtocolInterface: 6302D008-7F9B-4F30-87AC-60C9FEF5DA4E 1E6CDA80
FSOpen: Open '\startup.nsh' Success
FSOpen: Open '\startup.nsh' Success
FSOpen: Open '\startup.nsh' Success
FSOpen: Open '\EFI\Game\Game.efi' Success
FSOpen: Open '\EFI\Game\Game.efi' Success
FSOpen: Open '\EFI\Game\Game.efi' Success
FSOpen: Open '\EFI\Game\Game.efi' Success
[Security] 3rd party image[0] can be loaded after EndOfDxe: PciRoot(0x0)/Pci(0x1,0x1)/Ata(Primary,Master,0x0)/HD(1,MBR,0xBE1AFDFA,0x3F,0xFBFC1)/\EFI\Game\Game.efi.
InstallProtocolInterface: 5B1B31A1-9562-11D2-8E3F-00A0C969723B 1E7D4040
Loading driver at 0x0001E7CA000 EntryPoint=0x0001E7CA2A0 Game.efi
InstallProtocolInterface: BC62157E-3E33-4FEC-9920-2D3B36D750DF 1E7DA518
ProtectUefiImageCommon - 0x1E7D4040
  - 0x000000001E7CA000 - 0x0000000000004B60
InstallProtocolInterface: 752F3136-4E16-4FDC-A22A-E5F46812F4CA 1FEA2668
FSOpen: Open '\EFI\Game\sprites.bmp' Success
FSOpen: Open '\EFI\Game\sprites.bmp' Success
FSOpen: Open '\EFI\Game\map.bmp' Success
FSOpen: Open '\EFI\Game\map.bmp' Success
